{"logTime": "0317/105544", "correlationVector":"uKkg3s0IJb1ULsk0UrAwE2.1","action":"SyncServerConnectionManagerRequest", "result":"SYNC_SERVER_OK", "context":{"environment":"Prod_southeastasia_prod-s01-065-apac-southeastasia", "migrationStage":"NotStarted", "server":"akswtt00500003s"}}
{"logTime": "0317/105544", "correlationVector":"uKkg3s0IJb1ULsk0UrAwE2.2","action":"ProcessGetUpdates", "result":"Done", "context":{"dataType":"Autofill", "deleted":"0", "process_failed_to_decrypt":"0", "process_pending_decryption":"0", "process_success":"2", "total":"2"}}
{"logTime": "0317/105544", "correlationVector":"uKkg3s0IJb1ULsk0UrAwE2.3","action":"ProcessGetUpdates", "result":"Done", "context":{"dataType":"Sessions", "deleted":"25", "process_failed_to_decrypt":"0", "process_pending_decryption":"0", "process_success":"25", "total":"25"}}
{"logTime": "0317/105544", "correlationVector":"uKkg3s0IJb1ULsk0UrAwE2.4","action":"ProcessGetUpdates", "result":"Done", "context":{"dataType":"History", "deleted":"0", "process_failed_to_decrypt":"0", "process_pending_decryption":"0", "process_success":"250", "total":"250"}}
{"logTime": "0317/105544", "correlationVector":"uKkg3s0IJb1ULsk0UrAwE2.5","action":"GetUpdates Response", "result":"Success", "context":Received 277 update(s). cV=uKkg3s0IJb1ULsk0UrAwE2.0;server=akswtt00500003s;cloudType=Consumer;environment=Prod_southeastasia_prod-s01-065-apac-southeastasia;migrationStage=NotStarted Some updates remain.}
{"logTime": "0317/105544", "correlationVector":"jZbTI1YAb607GlxiMkQXlV","action":"Normal GetUpdate request", "result":"", "context":cV=jZbTI1YAb607GlxiMkQXlV
Nudged types: Preferences, Sessions, Device Info, History, Edge Hub App Usage
Refresh requested types: Bookmarks, Preferences, Passwords, Autofill Profiles, Autofill, Extensions, Sessions, Extension settings, History Delete Directives, Device Info, User Consents, Send Tab To Self, Web Apps, History, Collection, Edge E Drop, Edge Hub App Usage, Edge Tab Group, Edge Wallet, Encryption Keys}
{"logTime": "0317/105546", "correlationVector":"jZbTI1YAb607GlxiMkQXlV.1","action":"SyncServerConnectionManagerRequest", "result":"SYNC_SERVER_OK", "context":{"environment":"Prod_southeastasia_prod-s01-065-apac-southeastasia", "migrationStage":"NotStarted", "server":"akswtt005000008"}}
{"logTime": "0317/105546", "correlationVector":"jZbTI1YAb607GlxiMkQXlV.2","action":"ProcessGetUpdates", "result":"Done", "context":{"dataType":"Autofill", "deleted":"0", "process_failed_to_decrypt":"0", "process_pending_decryption":"0", "process_success":"1", "total":"1"}}
{"logTime": "0317/105546", "correlationVector":"jZbTI1YAb607GlxiMkQXlV.3","action":"ProcessGetUpdates", "result":"Done", "context":{"dataType":"Sessions", "deleted":"17", "process_failed_to_decrypt":"0", "process_pending_decryption":"0", "process_success":"17", "total":"17"}}
{"logTime": "0317/105546", "correlationVector":"jZbTI1YAb607GlxiMkQXlV.4","action":"ProcessGetUpdates", "result":"Done", "context":{"dataType":"History", "deleted":"0", "process_failed_to_decrypt":"0", "process_pending_decryption":"0", "process_success":"250", "total":"250"}}
{"logTime": "0317/105546", "correlationVector":"jZbTI1YAb607GlxiMkQXlV.5","action":"GetUpdates Response", "result":"Success", "context":Received 268 update(s). cV=jZbTI1YAb607GlxiMkQXlV.0;server=akswtt005000008;cloudType=Consumer;environment=Prod_southeastasia_prod-s01-065-apac-southeastasia;migrationStage=NotStarted Some updates remain.}
{"logTime": "0317/105546", "correlationVector":"wUj5i/V7lbLbBD78fDxVHg","action":"Normal GetUpdate request", "result":"", "context":cV=wUj5i/V7lbLbBD78fDxVHg
Nudged types: Preferences, Sessions, Device Info, History, Edge Hub App Usage
Refresh requested types: Bookmarks, Preferences, Passwords, Autofill Profiles, Autofill, Extensions, Sessions, Extension settings, History Delete Directives, Device Info, User Consents, Send Tab To Self, Web Apps, History, Collection, Edge E Drop, Edge Hub App Usage, Edge Tab Group, Edge Wallet, Encryption Keys}
{"logTime": "0317/105547", "correlationVector":"wUj5i/V7lbLbBD78fDxVHg.1","action":"SyncServerConnectionManagerRequest", "result":"SYNC_SERVER_OK", "context":{"environment":"Prod_southeastasia_prod-s01-065-apac-southeastasia", "migrationStage":"NotStarted", "server":"akswtt00500004q"}}
{"logTime": "0317/105547", "correlationVector":"wUj5i/V7lbLbBD78fDxVHg.2","action":"ProcessGetUpdates", "result":"Done", "context":{"dataType":"Sessions", "deleted":"4", "process_failed_to_decrypt":"0", "process_pending_decryption":"0", "process_success":"4", "total":"4"}}
{"logTime": "0317/105547", "correlationVector":"wUj5i/V7lbLbBD78fDxVHg.3","action":"ProcessGetUpdates", "result":"Done", "context":{"dataType":"History", "deleted":"0", "process_failed_to_decrypt":"0", "process_pending_decryption":"0", "process_success":"250", "total":"250"}}
{"logTime": "0317/105547", "correlationVector":"wUj5i/V7lbLbBD78fDxVHg.4","action":"GetUpdates Response", "result":"Success", "context":Received 254 update(s). cV=wUj5i/V7lbLbBD78fDxVHg.0;server=akswtt00500004q;cloudType=Consumer;environment=Prod_southeastasia_prod-s01-065-apac-southeastasia;migrationStage=NotStarted Some updates remain.}
{"logTime": "0317/105547", "correlationVector":"wgohBjHjcFTG04xmgl94pl","action":"Normal GetUpdate request", "result":"", "context":cV=wgohBjHjcFTG04xmgl94pl
Nudged types: Preferences, Sessions, Device Info, History, Edge Hub App Usage
Refresh requested types: Bookmarks, Preferences, Passwords, Autofill Profiles, Autofill, Extensions, Sessions, Extension settings, History Delete Directives, Device Info, User Consents, Send Tab To Self, Web Apps, History, Collection, Edge E Drop, Edge Hub App Usage, Edge Tab Group, Edge Wallet, Encryption Keys}
{"logTime": "0317/105548", "correlationVector":"wgohBjHjcFTG04xmgl94pl.1","action":"SyncServerConnectionManagerRequest", "result":"SYNC_SERVER_OK", "context":{"environment":"Prod_southeastasia_prod-s01-065-apac-southeastasia", "migrationStage":"NotStarted", "server":"akswtt00500001c"}}
{"logTime": "0317/105548", "correlationVector":"wgohBjHjcFTG04xmgl94pl.2","action":"ProcessGetUpdates", "result":"Done", "context":{"dataType":"Preferences", "deleted":"0", "process_failed_to_decrypt":"0", "process_pending_decryption":"0", "process_success":"1", "total":"1"}}
{"logTime": "0317/105548", "correlationVector":"wgohBjHjcFTG04xmgl94pl.3","action":"ProcessGetUpdates", "result":"Done", "context":{"dataType":"Sessions", "deleted":"5", "process_failed_to_decrypt":"0", "process_pending_decryption":"0", "process_success":"5", "total":"5"}}
{"logTime": "0317/105548", "correlationVector":"wgohBjHjcFTG04xmgl94pl.4","action":"ProcessGetUpdates", "result":"Done", "context":{"dataType":"History", "deleted":"0", "process_failed_to_decrypt":"0", "process_pending_decryption":"0", "process_success":"250", "total":"250"}}
{"logTime": "0317/105548", "correlationVector":"wgohBjHjcFTG04xmgl94pl.5","action":"ProcessGetUpdates", "result":"Done", "context":{"dataType":"Edge Hub App Usage", "deleted":"0", "process_failed_to_decrypt":"0", "process_pending_decryption":"0", "process_success":"3", "total":"3"}}
{"logTime": "0317/105548", "correlationVector":"wgohBjHjcFTG04xmgl94pl.6","action":"GetUpdates Response", "result":"Success", "context":Received 259 update(s). cV=wgohBjHjcFTG04xmgl94pl.0;server=akswtt00500001c;cloudType=Consumer;environment=Prod_southeastasia_prod-s01-065-apac-southeastasia;migrationStage=NotStarted Some updates remain.}
{"logTime": "0317/105548", "correlationVector":"RNfceWEK6xUBemq7rpcAFP","action":"Normal GetUpdate request", "result":"", "context":cV=RNfceWEK6xUBemq7rpcAFP
Nudged types: Preferences, Sessions, Device Info, History, Edge Hub App Usage
Refresh requested types: Bookmarks, Preferences, Passwords, Autofill Profiles, Autofill, Extensions, Sessions, Extension settings, History Delete Directives, Device Info, User Consents, Send Tab To Self, Web Apps, History, Collection, Edge E Drop, Edge Hub App Usage, Edge Tab Group, Edge Wallet, Encryption Keys}
{"logTime": "0317/105550", "correlationVector":"RNfceWEK6xUBemq7rpcAFP.1","action":"SyncServerConnectionManagerRequest", "result":"SYNC_SERVER_OK", "context":{"environment":"Prod_southeastasia_prod-s01-065-apac-southeastasia", "migrationStage":"NotStarted", "server":"akswtt005000035"}}
{"logTime": "0317/105550", "correlationVector":"RNfceWEK6xUBemq7rpcAFP.2","action":"ProcessGetUpdates", "result":"Done", "context":{"dataType":"Bookmarks", "deleted":"0", "process_failed_to_decrypt":"0", "process_pending_decryption":"0", "process_success":"1", "total":"1"}}
{"logTime": "0317/105550", "correlationVector":"RNfceWEK6xUBemq7rpcAFP.3","action":"ProcessGetUpdates", "result":"Done", "context":{"dataType":"Sessions", "deleted":"7", "process_failed_to_decrypt":"0", "process_pending_decryption":"0", "process_success":"7", "total":"7"}}
{"logTime": "0317/105550", "correlationVector":"RNfceWEK6xUBemq7rpcAFP.4","action":"ProcessGetUpdates", "result":"Done", "context":{"dataType":"History", "deleted":"0", "process_failed_to_decrypt":"0", "process_pending_decryption":"0", "process_success":"250", "total":"250"}}
{"logTime": "0317/105550", "correlationVector":"RNfceWEK6xUBemq7rpcAFP.5","action":"GetUpdates Response", "result":"Success", "context":Received 258 update(s). cV=RNfceWEK6xUBemq7rpcAFP.0;server=akswtt005000035;cloudType=Consumer;environment=Prod_southeastasia_prod-s01-065-apac-southeastasia;migrationStage=NotStarted Some updates remain.}
{"logTime": "0317/105550", "correlationVector":"DZu3xM0+Ta+FZXbUpJZkjw","action":"Normal GetUpdate request", "result":"", "context":cV=DZu3xM0+Ta+FZXbUpJZkjw
Nudged types: Preferences, Sessions, Device Info, History, Edge Hub App Usage
Refresh requested types: Bookmarks, Preferences, Passwords, Autofill Profiles, Autofill, Extensions, Sessions, Extension settings, History Delete Directives, Device Info, User Consents, Send Tab To Self, Web Apps, History, Collection, Edge E Drop, Edge Hub App Usage, Edge Tab Group, Edge Wallet, Encryption Keys}
{"logTime": "0317/105551", "correlationVector":"DZu3xM0+Ta+FZXbUpJZkjw.1","action":"SyncServerConnectionManagerRequest", "result":"SYNC_SERVER_OK", "context":{"environment":"Prod_southeastasia_prod-s01-065-apac-southeastasia", "migrationStage":"NotStarted", "server":"akswtt005000032"}}
{"logTime": "0317/105551", "correlationVector":"DZu3xM0+Ta+FZXbUpJZkjw.2","action":"ProcessGetUpdates", "result":"Done", "context":{"dataType":"Preferences", "deleted":"0", "process_failed_to_decrypt":"0", "process_pending_decryption":"0", "process_success":"2", "total":"2"}}
{"logTime": "0317/105551", "correlationVector":"DZu3xM0+Ta+FZXbUpJZkjw.3","action":"ProcessGetUpdates", "result":"Done", "context":{"dataType":"Sessions", "deleted":"4", "process_failed_to_decrypt":"0", "process_pending_decryption":"0", "process_success":"4", "total":"4"}}
{"logTime": "0317/105551", "correlationVector":"DZu3xM0+Ta+FZXbUpJZkjw.4","action":"ProcessGetUpdates", "result":"Done", "context":{"dataType":"History", "deleted":"0", "process_failed_to_decrypt":"0", "process_pending_decryption":"0", "process_success":"250", "total":"250"}}
{"logTime": "0317/105551", "correlationVector":"DZu3xM0+Ta+FZXbUpJZkjw.5","action":"GetUpdates Response", "result":"Success", "context":Received 256 update(s). cV=DZu3xM0+Ta+FZXbUpJZkjw.0;server=akswtt005000032;cloudType=Consumer;environment=Prod_southeastasia_prod-s01-065-apac-southeastasia;migrationStage=NotStarted Some updates remain.}
{"logTime": "0317/105551", "correlationVector":"zn66r/FTelChXYTKDmIp7t","action":"Normal GetUpdate request", "result":"", "context":cV=zn66r/FTelChXYTKDmIp7t
Nudged types: Preferences, Sessions, Device Info, History, Edge Hub App Usage
Refresh requested types: Bookmarks, Preferences, Passwords, Autofill Profiles, Autofill, Extensions, Sessions, Extension settings, History Delete Directives, Device Info, User Consents, Send Tab To Self, Web Apps, History, Collection, Edge E Drop, Edge Hub App Usage, Edge Tab Group, Edge Wallet, Encryption Keys}
{"logTime": "0317/105553", "correlationVector":"zn66r/FTelChXYTKDmIp7t.1","action":"SyncServerConnectionManagerRequest", "result":"SYNC_SERVER_OK", "context":{"environment":"Prod_southeastasia_prod-s01-065-apac-southeastasia", "migrationStage":"NotStarted", "server":"akswtt00500000q"}}
{"logTime": "0317/105554", "correlationVector":"zn66r/FTelChXYTKDmIp7t.2","action":"ProcessGetUpdates", "result":"Done", "context":{"dataType":"Sessions", "deleted":"3", "process_failed_to_decrypt":"0", "process_pending_decryption":"0", "process_success":"3", "total":"3"}}
{"logTime": "0317/105554", "correlationVector":"zn66r/FTelChXYTKDmIp7t.3","action":"ProcessGetUpdates", "result":"Done", "context":{"dataType":"History", "deleted":"0", "process_failed_to_decrypt":"0", "process_pending_decryption":"0", "process_success":"250", "total":"250"}}
{"logTime": "0317/105554", "correlationVector":"zn66r/FTelChXYTKDmIp7t.4","action":"GetUpdates Response", "result":"Success", "context":Received 253 update(s). cV=zn66r/FTelChXYTKDmIp7t.0;server=akswtt00500000q;cloudType=Consumer;environment=Prod_southeastasia_prod-s01-065-apac-southeastasia;migrationStage=NotStarted Some updates remain.}
{"logTime": "0317/105554", "correlationVector":"m4eDVrLeR0GbdnA+GrpeAp","action":"Normal GetUpdate request", "result":"", "context":cV=m4eDVrLeR0GbdnA+GrpeAp
Nudged types: Preferences, Sessions, Device Info, History, Edge Hub App Usage
Refresh requested types: Bookmarks, Preferences, Passwords, Autofill Profiles, Autofill, Extensions, Sessions, Extension settings, History Delete Directives, Device Info, User Consents, Send Tab To Self, Web Apps, History, Collection, Edge E Drop, Edge Hub App Usage, Edge Tab Group, Edge Wallet, Encryption Keys}
{"logTime": "0317/105557", "correlationVector":"m4eDVrLeR0GbdnA+GrpeAp.1","action":"SyncServerConnectionManagerRequest", "result":"SYNC_SERVER_OK", "context":{"environment":"Prod_southeastasia_prod-s01-065-apac-southeastasia", "migrationStage":"NotStarted", "server":"akswtt00500002h"}}
{"logTime": "0317/105557", "correlationVector":"m4eDVrLeR0GbdnA+GrpeAp.2","action":"ProcessGetUpdates", "result":"Done", "context":{"dataType":"History", "deleted":"0", "process_failed_to_decrypt":"0", "process_pending_decryption":"0", "process_success":"250", "total":"250"}}
{"logTime": "0317/105557", "correlationVector":"m4eDVrLeR0GbdnA+GrpeAp.3","action":"GetUpdates Response", "result":"Success", "context":Received 250 update(s). cV=m4eDVrLeR0GbdnA+GrpeAp.0;server=akswtt00500002h;cloudType=Consumer;environment=Prod_southeastasia_prod-s01-065-apac-southeastasia;migrationStage=NotStarted Some updates remain.}
{"logTime": "0317/105557", "correlationVector":"mbAI6so59ryFKuMgNID7b9","action":"Normal GetUpdate request", "result":"", "context":cV=mbAI6so59ryFKuMgNID7b9
Nudged types: Preferences, Sessions, Device Info, History, Edge Hub App Usage
Refresh requested types: Bookmarks, Preferences, Passwords, Autofill Profiles, Autofill, Extensions, Sessions, Extension settings, History Delete Directives, Device Info, User Consents, Send Tab To Self, Web Apps, History, Collection, Edge E Drop, Edge Hub App Usage, Edge Tab Group, Edge Wallet, Encryption Keys}
{"logTime": "0317/105558", "correlationVector":"mbAI6so59ryFKuMgNID7b9.1","action":"SyncServerConnectionManagerRequest", "result":"SYNC_SERVER_OK", "context":{"environment":"Prod_southeastasia_prod-s01-065-apac-southeastasia", "migrationStage":"NotStarted", "server":"akswtt005000042"}}
{"logTime": "0317/105558", "correlationVector":"mbAI6so59ryFKuMgNID7b9.2","action":"ProcessGetUpdates", "result":"Done", "context":{"dataType":"Sessions", "deleted":"1", "process_failed_to_decrypt":"0", "process_pending_decryption":"0", "process_success":"1", "total":"1"}}
{"logTime": "0317/105558", "correlationVector":"mbAI6so59ryFKuMgNID7b9.3","action":"ProcessGetUpdates", "result":"Done", "context":{"dataType":"History", "deleted":"0", "process_failed_to_decrypt":"0", "process_pending_decryption":"0", "process_success":"250", "total":"250"}}
{"logTime": "0317/105558", "correlationVector":"mbAI6so59ryFKuMgNID7b9.4","action":"GetUpdates Response", "result":"Success", "context":Received 251 update(s). cV=mbAI6so59ryFKuMgNID7b9.0;server=akswtt005000042;cloudType=Consumer;environment=Prod_southeastasia_prod-s01-065-apac-southeastasia;migrationStage=NotStarted Some updates remain.}
{"logTime": "0317/105558", "correlationVector":"Zpgc7BwBP5M+ugdCpDgpdq","action":"Normal GetUpdate request", "result":"", "context":cV=Zpgc7BwBP5M+ugdCpDgpdq
Nudged types: Preferences, Sessions, Device Info, History, Edge Hub App Usage
Refresh requested types: Bookmarks, Preferences, Passwords, Autofill Profiles, Autofill, Extensions, Sessions, Extension settings, History Delete Directives, Device Info, User Consents, Send Tab To Self, Web Apps, History, Collection, Edge E Drop, Edge Hub App Usage, Edge Tab Group, Edge Wallet, Encryption Keys}
{"logTime": "0317/105600", "correlationVector":"Zpgc7BwBP5M+ugdCpDgpdq.1","action":"SyncServerConnectionManagerRequest", "result":"SYNC_SERVER_OK", "context":{"environment":"Prod_southeastasia_prod-s01-065-apac-southeastasia", "migrationStage":"NotStarted", "server":"akswtt00500000v"}}
{"logTime": "0317/105600", "correlationVector":"Zpgc7BwBP5M+ugdCpDgpdq.2","action":"ProcessGetUpdates", "result":"Done", "context":{"dataType":"Sessions", "deleted":"5", "process_failed_to_decrypt":"0", "process_pending_decryption":"0", "process_success":"5", "total":"5"}}
{"logTime": "0317/105600", "correlationVector":"Zpgc7BwBP5M+ugdCpDgpdq.3","action":"ProcessGetUpdates", "result":"Done", "context":{"dataType":"History", "deleted":"0", "process_failed_to_decrypt":"0", "process_pending_decryption":"0", "process_success":"250", "total":"250"}}
{"logTime": "0317/105600", "correlationVector":"Zpgc7BwBP5M+ugdCpDgpdq.4","action":"GetUpdates Response", "result":"Success", "context":Received 255 update(s). cV=Zpgc7BwBP5M+ugdCpDgpdq.0;server=akswtt00500000v;cloudType=Consumer;environment=Prod_southeastasia_prod-s01-065-apac-southeastasia;migrationStage=NotStarted Some updates remain.}
{"logTime": "0317/105600", "correlationVector":"U1NIG/j7iv3VGZrIhQsIdd","action":"Normal GetUpdate request", "result":"", "context":cV=U1NIG/j7iv3VGZrIhQsIdd
Nudged types: Preferences, Sessions, Device Info, History, Edge Hub App Usage
Refresh requested types: Bookmarks, Preferences, Passwords, Autofill Profiles, Autofill, Extensions, Sessions, Extension settings, History Delete Directives, Device Info, User Consents, Send Tab To Self, Web Apps, History, Collection, Edge E Drop, Edge Hub App Usage, Edge Tab Group, Edge Wallet, Encryption Keys}
{"logTime": "0317/105601", "correlationVector":"U1NIG/j7iv3VGZrIhQsIdd.1","action":"SyncServerConnectionManagerRequest", "result":"SYNC_SERVER_OK", "context":{"environment":"Prod_southeastasia_prod-s01-065-apac-southeastasia", "migrationStage":"NotStarted", "server":"akswtt00500000q"}}
{"logTime": "0317/105601", "correlationVector":"U1NIG/j7iv3VGZrIhQsIdd.2","action":"ProcessGetUpdates", "result":"Done", "context":{"dataType":"Sessions", "deleted":"4", "process_failed_to_decrypt":"0", "process_pending_decryption":"0", "process_success":"4", "total":"4"}}
{"logTime": "0317/105601", "correlationVector":"U1NIG/j7iv3VGZrIhQsIdd.3","action":"ProcessGetUpdates", "result":"Done", "context":{"dataType":"History", "deleted":"0", "process_failed_to_decrypt":"0", "process_pending_decryption":"0", "process_success":"250", "total":"250"}}
{"logTime": "0317/105601", "correlationVector":"U1NIG/j7iv3VGZrIhQsIdd.4","action":"GetUpdates Response", "result":"Success", "context":Received 254 update(s). cV=U1NIG/j7iv3VGZrIhQsIdd.0;server=akswtt00500000q;cloudType=Consumer;environment=Prod_southeastasia_prod-s01-065-apac-southeastasia;migrationStage=NotStarted Some updates remain.}
{"logTime": "0317/105601", "correlationVector":"Nx77Njw2u8xqOO6ZxLt28p","action":"Normal GetUpdate request", "result":"", "context":cV=Nx77Njw2u8xqOO6ZxLt28p
Nudged types: Preferences, Sessions, Device Info, History, Edge Hub App Usage
Refresh requested types: Bookmarks, Preferences, Passwords, Autofill Profiles, Autofill, Extensions, Sessions, Extension settings, History Delete Directives, Device Info, User Consents, Send Tab To Self, Web Apps, History, Collection, Edge E Drop, Edge Hub App Usage, Edge Tab Group, Edge Wallet, Encryption Keys}
{"logTime": "0317/105602", "correlationVector":"Nx77Njw2u8xqOO6ZxLt28p.1","action":"SyncServerConnectionManagerRequest", "result":"SYNC_SERVER_OK", "context":{"environment":"Prod_southeastasia_prod-s01-065-apac-southeastasia", "migrationStage":"NotStarted", "server":"akswtt005000035"}}
{"logTime": "0317/105602", "correlationVector":"Nx77Njw2u8xqOO6ZxLt28p.2","action":"ProcessGetUpdates", "result":"Done", "context":{"dataType":"History", "deleted":"0", "process_failed_to_decrypt":"0", "process_pending_decryption":"0", "process_success":"250", "total":"250"}}
{"logTime": "0317/105602", "correlationVector":"Nx77Njw2u8xqOO6ZxLt28p.3","action":"GetUpdates Response", "result":"Success", "context":Received 250 update(s). cV=Nx77Njw2u8xqOO6ZxLt28p.0;server=akswtt005000035;cloudType=Consumer;environment=Prod_southeastasia_prod-s01-065-apac-southeastasia;migrationStage=NotStarted Some updates remain.}
{"logTime": "0317/105602", "correlationVector":"Yk4qGBCAUCLxATAYBR/99n","action":"Normal GetUpdate request", "result":"", "context":cV=Yk4qGBCAUCLxATAYBR/99n
Nudged types: Preferences, Sessions, Device Info, History, Edge Hub App Usage
Refresh requested types: Bookmarks, Preferences, Passwords, Autofill Profiles, Autofill, Extensions, Sessions, Extension settings, History Delete Directives, Device Info, User Consents, Send Tab To Self, Web Apps, History, Collection, Edge E Drop, Edge Hub App Usage, Edge Tab Group, Edge Wallet, Encryption Keys}
{"logTime": "0317/105603", "correlationVector":"Yk4qGBCAUCLxATAYBR/99n.1","action":"SyncServerConnectionManagerRequest", "result":"SYNC_SERVER_OK", "context":{"environment":"Prod_southeastasia_prod-s01-065-apac-southeastasia", "migrationStage":"NotStarted", "server":"akswtt005000027"}}
{"logTime": "0317/105603", "correlationVector":"Yk4qGBCAUCLxATAYBR/99n.2","action":"ProcessGetUpdates", "result":"Done", "context":{"dataType":"Preferences", "deleted":"0", "process_failed_to_decrypt":"0", "process_pending_decryption":"0", "process_success":"3", "total":"3"}}
{"logTime": "0317/105603", "correlationVector":"Yk4qGBCAUCLxATAYBR/99n.3","action":"ProcessGetUpdates", "result":"Done", "context":{"dataType":"Sessions", "deleted":"16", "process_failed_to_decrypt":"0", "process_pending_decryption":"0", "process_success":"16", "total":"16"}}
{"logTime": "0317/105603", "correlationVector":"Yk4qGBCAUCLxATAYBR/99n.4","action":"ProcessGetUpdates", "result":"Done", "context":{"dataType":"History", "deleted":"0", "process_failed_to_decrypt":"0", "process_pending_decryption":"0", "process_success":"250", "total":"250"}}
{"logTime": "0317/105603", "correlationVector":"Yk4qGBCAUCLxATAYBR/99n.5","action":"GetUpdates Response", "result":"Success", "context":Received 269 update(s). cV=Yk4qGBCAUCLxATAYBR/99n.0;server=akswtt005000027;cloudType=Consumer;environment=Prod_southeastasia_prod-s01-065-apac-southeastasia;migrationStage=NotStarted Some updates remain.}
{"logTime": "0317/105603", "correlationVector":"0WGqPHWHAWayLdRacpJyu2","action":"Normal GetUpdate request", "result":"", "context":cV=0WGqPHWHAWayLdRacpJyu2
Nudged types: Preferences, Sessions, Device Info, History, Edge Hub App Usage
Refresh requested types: Bookmarks, Preferences, Passwords, Autofill Profiles, Autofill, Extensions, Sessions, Extension settings, History Delete Directives, Device Info, User Consents, Send Tab To Self, Web Apps, History, Collection, Edge E Drop, Edge Hub App Usage, Edge Tab Group, Edge Wallet, Encryption Keys}
{"logTime": "0317/105605", "correlationVector":"0WGqPHWHAWayLdRacpJyu2.1","action":"SyncServerConnectionManagerRequest", "result":"SYNC_SERVER_OK", "context":{"environment":"Prod_southeastasia_prod-s01-065-apac-southeastasia", "migrationStage":"NotStarted", "server":"akswtt00500001f"}}
{"logTime": "0317/105605", "correlationVector":"0WGqPHWHAWayLdRacpJyu2.2","action":"ProcessGetUpdates", "result":"Done", "context":{"dataType":"Sessions", "deleted":"29", "process_failed_to_decrypt":"0", "process_pending_decryption":"0", "process_success":"29", "total":"29"}}
{"logTime": "0317/105605", "correlationVector":"0WGqPHWHAWayLdRacpJyu2.3","action":"ProcessGetUpdates", "result":"Done", "context":{"dataType":"History", "deleted":"0", "process_failed_to_decrypt":"0", "process_pending_decryption":"0", "process_success":"250", "total":"250"}}
{"logTime": "0317/105605", "correlationVector":"0WGqPHWHAWayLdRacpJyu2.4","action":"ProcessGetUpdates", "result":"Done", "context":{"dataType":"Edge Hub App Usage", "deleted":"3", "process_failed_to_decrypt":"0", "process_pending_decryption":"0", "process_success":"3", "total":"3"}}
{"logTime": "0317/105605", "correlationVector":"0WGqPHWHAWayLdRacpJyu2.5","action":"GetUpdates Response", "result":"Success", "context":Received 282 update(s). cV=0WGqPHWHAWayLdRacpJyu2.0;server=akswtt00500001f;cloudType=Consumer;environment=Prod_southeastasia_prod-s01-065-apac-southeastasia;migrationStage=NotStarted Some updates remain.}
{"logTime": "0317/105605", "correlationVector":"uPEUVKz4QI69Eeuf2VCt9b","action":"Normal GetUpdate request", "result":"", "context":cV=uPEUVKz4QI69Eeuf2VCt9b
Nudged types: Preferences, Sessions, Device Info, History, Edge Hub App Usage
Refresh requested types: Bookmarks, Preferences, Passwords, Autofill Profiles, Autofill, Extensions, Sessions, Extension settings, History Delete Directives, Device Info, User Consents, Send Tab To Self, Web Apps, History, Collection, Edge E Drop, Edge Hub App Usage, Edge Tab Group, Edge Wallet, Encryption Keys}
{"logTime": "0317/105606", "correlationVector":"uPEUVKz4QI69Eeuf2VCt9b.1","action":"SyncServerConnectionManagerRequest", "result":"SYNC_SERVER_OK", "context":{"environment":"Prod_southeastasia_prod-s01-065-apac-southeastasia", "migrationStage":"NotStarted", "server":"akswtt005000034"}}
{"logTime": "0317/105606", "correlationVector":"uPEUVKz4QI69Eeuf2VCt9b.2","action":"ProcessGetUpdates", "result":"Done", "context":{"dataType":"Autofill", "deleted":"0", "process_failed_to_decrypt":"0", "process_pending_decryption":"0", "process_success":"1", "total":"1"}}
{"logTime": "0317/105606", "correlationVector":"uPEUVKz4QI69Eeuf2VCt9b.3","action":"ProcessGetUpdates", "result":"Done", "context":{"dataType":"Sessions", "deleted":"28", "process_failed_to_decrypt":"0", "process_pending_decryption":"0", "process_success":"28", "total":"28"}}
{"logTime": "0317/105606", "correlationVector":"uPEUVKz4QI69Eeuf2VCt9b.4","action":"ProcessGetUpdates", "result":"Done", "context":{"dataType":"History", "deleted":"0", "process_failed_to_decrypt":"0", "process_pending_decryption":"0", "process_success":"250", "total":"250"}}
{"logTime": "0317/105606", "correlationVector":"uPEUVKz4QI69Eeuf2VCt9b.5","action":"GetUpdates Response", "result":"Success", "context":Received 279 update(s). cV=uPEUVKz4QI69Eeuf2VCt9b.0;server=akswtt005000034;cloudType=Consumer;environment=Prod_southeastasia_prod-s01-065-apac-southeastasia;migrationStage=NotStarted Some updates remain.}
{"logTime": "0317/105606", "correlationVector":"gemi1pVKwVGm25Y+TzHttU","action":"Normal GetUpdate request", "result":"", "context":cV=gemi1pVKwVGm25Y+TzHttU
Nudged types: Preferences, Sessions, Device Info, History, Edge Hub App Usage
Refresh requested types: Bookmarks, Preferences, Passwords, Autofill Profiles, Autofill, Extensions, Sessions, Extension settings, History Delete Directives, Device Info, User Consents, Send Tab To Self, Web Apps, History, Collection, Edge E Drop, Edge Hub App Usage, Edge Tab Group, Edge Wallet, Encryption Keys}
{"logTime": "0317/105608", "correlationVector":"gemi1pVKwVGm25Y+TzHttU.1","action":"SyncServerConnectionManagerRequest", "result":"SYNC_SERVER_OK", "context":{"environment":"Prod_southeastasia_prod-s01-065-apac-southeastasia", "migrationStage":"NotStarted", "server":"akswtt005000025"}}
{"logTime": "0317/105608", "correlationVector":"gemi1pVKwVGm25Y+TzHttU.2","action":"ProcessGetUpdates", "result":"Done", "context":{"dataType":"Autofill", "deleted":"0", "process_failed_to_decrypt":"0", "process_pending_decryption":"0", "process_success":"2", "total":"2"}}
{"logTime": "0317/105608", "correlationVector":"gemi1pVKwVGm25Y+TzHttU.3","action":"ProcessGetUpdates", "result":"Done", "context":{"dataType":"Sessions", "deleted":"10", "process_failed_to_decrypt":"0", "process_pending_decryption":"0", "process_success":"10", "total":"10"}}
{"logTime": "0317/105608", "correlationVector":"gemi1pVKwVGm25Y+TzHttU.4","action":"ProcessGetUpdates", "result":"Done", "context":{"dataType":"History", "deleted":"0", "process_failed_to_decrypt":"0", "process_pending_decryption":"0", "process_success":"250", "total":"250"}}
{"logTime": "0317/105608", "correlationVector":"gemi1pVKwVGm25Y+TzHttU.5","action":"GetUpdates Response", "result":"Success", "context":Received 262 update(s). cV=gemi1pVKwVGm25Y+TzHttU.0;server=akswtt005000025;cloudType=Consumer;environment=Prod_southeastasia_prod-s01-065-apac-southeastasia;migrationStage=NotStarted Some updates remain.}
{"logTime": "0317/105608", "correlationVector":"7kpi9mbQcIgmg3IiU26n2m","action":"Normal GetUpdate request", "result":"", "context":cV=7kpi9mbQcIgmg3IiU26n2m
Nudged types: Preferences, Sessions, Device Info, History, Edge Hub App Usage
Refresh requested types: Bookmarks, Preferences, Passwords, Autofill Profiles, Autofill, Extensions, Sessions, Extension settings, History Delete Directives, Device Info, User Consents, Send Tab To Self, Web Apps, History, Collection, Edge E Drop, Edge Hub App Usage, Edge Tab Group, Edge Wallet, Encryption Keys}
{"logTime": "0317/105610", "correlationVector":"7kpi9mbQcIgmg3IiU26n2m.1","action":"SyncServerConnectionManagerRequest", "result":"SYNC_SERVER_OK", "context":{"environment":"Prod_southeastasia_prod-s01-065-apac-southeastasia", "migrationStage":"NotStarted", "server":"akswtt00500001y"}}
{"logTime": "0317/105610", "correlationVector":"7kpi9mbQcIgmg3IiU26n2m.2","action":"ProcessGetUpdates", "result":"Done", "context":{"dataType":"Autofill", "deleted":"0", "process_failed_to_decrypt":"0", "process_pending_decryption":"0", "process_success":"8", "total":"8"}}
{"logTime": "0317/105610", "correlationVector":"7kpi9mbQcIgmg3IiU26n2m.3","action":"ProcessGetUpdates", "result":"Done", "context":{"dataType":"Sessions", "deleted":"12", "process_failed_to_decrypt":"0", "process_pending_decryption":"0", "process_success":"12", "total":"12"}}
{"logTime": "0317/105610", "correlationVector":"7kpi9mbQcIgmg3IiU26n2m.4","action":"ProcessGetUpdates", "result":"Done", "context":{"dataType":"History", "deleted":"0", "process_failed_to_decrypt":"0", "process_pending_decryption":"0", "process_success":"250", "total":"250"}}
{"logTime": "0317/105610", "correlationVector":"7kpi9mbQcIgmg3IiU26n2m.5","action":"GetUpdates Response", "result":"Success", "context":Received 270 update(s). cV=7kpi9mbQcIgmg3IiU26n2m.0;server=akswtt00500001y;cloudType=Consumer;environment=Prod_southeastasia_prod-s01-065-apac-southeastasia;migrationStage=NotStarted Some updates remain.}
{"logTime": "0317/105610", "correlationVector":"5Wqa0iNdjKAmXFXAjYW3kI","action":"Normal GetUpdate request", "result":"", "context":cV=5Wqa0iNdjKAmXFXAjYW3kI
Nudged types: Preferences, Sessions, Device Info, History, Edge Hub App Usage
Refresh requested types: Bookmarks, Preferences, Passwords, Autofill Profiles, Autofill, Extensions, Sessions, Extension settings, History Delete Directives, Device Info, User Consents, Send Tab To Self, Web Apps, History, Collection, Edge E Drop, Edge Hub App Usage, Edge Tab Group, Edge Wallet, Encryption Keys}
{"logTime": "0317/105611", "correlationVector":"5Wqa0iNdjKAmXFXAjYW3kI.1","action":"SyncServerConnectionManagerRequest", "result":"SYNC_SERVER_OK", "context":{"environment":"Prod_southeastasia_prod-s01-065-apac-southeastasia", "migrationStage":"NotStarted", "server":"akswtt005000002"}}
{"logTime": "0317/105611", "correlationVector":"5Wqa0iNdjKAmXFXAjYW3kI.2","action":"ProcessGetUpdates", "result":"Done", "context":{"dataType":"Preferences", "deleted":"0", "process_failed_to_decrypt":"0", "process_pending_decryption":"0", "process_success":"1", "total":"1"}}
{"logTime": "0317/105611", "correlationVector":"5Wqa0iNdjKAmXFXAjYW3kI.3","action":"ProcessGetUpdates", "result":"Done", "context":{"dataType":"Sessions", "deleted":"29", "process_failed_to_decrypt":"0", "process_pending_decryption":"0", "process_success":"29", "total":"29"}}
{"logTime": "0317/105611", "correlationVector":"5Wqa0iNdjKAmXFXAjYW3kI.4","action":"ProcessGetUpdates", "result":"Done", "context":{"dataType":"History", "deleted":"0", "process_failed_to_decrypt":"0", "process_pending_decryption":"0", "process_success":"250", "total":"250"}}
{"logTime": "0317/105611", "correlationVector":"5Wqa0iNdjKAmXFXAjYW3kI.5","action":"GetUpdates Response", "result":"Success", "context":Received 280 update(s). cV=5Wqa0iNdjKAmXFXAjYW3kI.0;server=akswtt005000002;cloudType=Consumer;environment=Prod_southeastasia_prod-s01-065-apac-southeastasia;migrationStage=NotStarted Some updates remain.}
{"logTime": "0317/105611", "correlationVector":"3O/+dSDEqJwjug9UPFybVw","action":"Normal GetUpdate request", "result":"", "context":cV=3O/+dSDEqJwjug9UPFybVw
Nudged types: Preferences, Sessions, Device Info, History, Edge Hub App Usage
Refresh requested types: Bookmarks, Preferences, Passwords, Autofill Profiles, Autofill, Extensions, Sessions, Extension settings, History Delete Directives, Device Info, User Consents, Send Tab To Self, Web Apps, History, Collection, Edge E Drop, Edge Hub App Usage, Edge Tab Group, Edge Wallet, Encryption Keys}
{"logTime": "0317/105613", "correlationVector":"3O/+dSDEqJwjug9UPFybVw.1","action":"SyncServerConnectionManagerRequest", "result":"SYNC_SERVER_OK", "context":{"environment":"Prod_southeastasia_prod-s01-065-apac-southeastasia", "migrationStage":"NotStarted", "server":"akswtt00500003z"}}
{"logTime": "0317/105613", "correlationVector":"3O/+dSDEqJwjug9UPFybVw.2","action":"ProcessGetUpdates", "result":"Done", "context":{"dataType":"Preferences", "deleted":"0", "process_failed_to_decrypt":"0", "process_pending_decryption":"0", "process_success":"1", "total":"1"}}
{"logTime": "0317/105613", "correlationVector":"3O/+dSDEqJwjug9UPFybVw.3","action":"ProcessGetUpdates", "result":"Done", "context":{"dataType":"Autofill Profiles", "deleted":"0", "process_failed_to_decrypt":"0", "process_pending_decryption":"0", "process_success":"2", "total":"2"}}
{"logTime": "0317/105613", "correlationVector":"3O/+dSDEqJwjug9UPFybVw.4","action":"ProcessGetUpdates", "result":"Done", "context":{"dataType":"Sessions", "deleted":"10", "process_failed_to_decrypt":"0", "process_pending_decryption":"0", "process_success":"10", "total":"10"}}
{"logTime": "0317/105613", "correlationVector":"3O/+dSDEqJwjug9UPFybVw.5","action":"ProcessGetUpdates", "result":"Done", "context":{"dataType":"History", "deleted":"0", "process_failed_to_decrypt":"0", "process_pending_decryption":"0", "process_success":"250", "total":"250"}}
{"logTime": "0317/105613", "correlationVector":"3O/+dSDEqJwjug9UPFybVw.6","action":"GetUpdates Response", "result":"Success", "context":Received 263 update(s). cV=3O/+dSDEqJwjug9UPFybVw.0;server=akswtt00500003z;cloudType=Consumer;environment=Prod_southeastasia_prod-s01-065-apac-southeastasia;migrationStage=NotStarted Some updates remain.}
{"logTime": "0317/105613", "correlationVector":"YmuYibDRYIAb0+ZLy37iNo","action":"Normal GetUpdate request", "result":"", "context":cV=YmuYibDRYIAb0+ZLy37iNo
Nudged types: Preferences, Sessions, Device Info, History, Edge Hub App Usage
Refresh requested types: Bookmarks, Preferences, Passwords, Autofill Profiles, Autofill, Extensions, Sessions, Extension settings, History Delete Directives, Device Info, User Consents, Send Tab To Self, Web Apps, History, Collection, Edge E Drop, Edge Hub App Usage, Edge Tab Group, Edge Wallet, Encryption Keys}
{"logTime": "0317/105614", "correlationVector":"YmuYibDRYIAb0+ZLy37iNo.1","action":"SyncServerConnectionManagerRequest", "result":"SYNC_SERVER_OK", "context":{"environment":"Prod_southeastasia_prod-s01-065-apac-southeastasia", "migrationStage":"NotStarted", "server":"akswtt005000021"}}
{"logTime": "0317/105614", "correlationVector":"YmuYibDRYIAb0+ZLy37iNo.2","action":"ProcessGetUpdates", "result":"Done", "context":{"dataType":"Sessions", "deleted":"21", "process_failed_to_decrypt":"0", "process_pending_decryption":"0", "process_success":"21", "total":"21"}}
{"logTime": "0317/105614", "correlationVector":"YmuYibDRYIAb0+ZLy37iNo.3","action":"ProcessGetUpdates", "result":"Done", "context":{"dataType":"History", "deleted":"0", "process_failed_to_decrypt":"0", "process_pending_decryption":"0", "process_success":"250", "total":"250"}}
{"logTime": "0317/105614", "correlationVector":"YmuYibDRYIAb0+ZLy37iNo.4","action":"GetUpdates Response", "result":"Success", "context":Received 271 update(s). cV=YmuYibDRYIAb0+ZLy37iNo.0;server=akswtt005000021;cloudType=Consumer;environment=Prod_southeastasia_prod-s01-065-apac-southeastasia;migrationStage=NotStarted Some updates remain.}
{"logTime": "0317/105614", "correlationVector":"lxaEGgVUfOu3BIdH+7rf6C","action":"Normal GetUpdate request", "result":"", "context":cV=lxaEGgVUfOu3BIdH+7rf6C
Nudged types: Preferences, Sessions, Device Info, History, Edge Hub App Usage
Refresh requested types: Bookmarks, Preferences, Passwords, Autofill Profiles, Autofill, Extensions, Sessions, Extension settings, History Delete Directives, Device Info, User Consents, Send Tab To Self, Web Apps, History, Collection, Edge E Drop, Edge Hub App Usage, Edge Tab Group, Edge Wallet, Encryption Keys}
{"logTime": "0317/105615", "correlationVector":"lxaEGgVUfOu3BIdH+7rf6C.1","action":"SyncServerConnectionManagerRequest", "result":"SYNC_SERVER_OK", "context":{"environment":"Prod_southeastasia_prod-s01-065-apac-southeastasia", "migrationStage":"NotStarted", "server":"akswtt00500002v"}}
{"logTime": "0317/105615", "correlationVector":"lxaEGgVUfOu3BIdH+7rf6C.2","action":"ProcessGetUpdates", "result":"Done", "context":{"dataType":"History", "deleted":"0", "process_failed_to_decrypt":"0", "process_pending_decryption":"0", "process_success":"250", "total":"250"}}
{"logTime": "0317/105615", "correlationVector":"lxaEGgVUfOu3BIdH+7rf6C.3","action":"GetUpdates Response", "result":"Success", "context":Received 250 update(s). cV=lxaEGgVUfOu3BIdH+7rf6C.0;server=akswtt00500002v;cloudType=Consumer;environment=Prod_southeastasia_prod-s01-065-apac-southeastasia;migrationStage=NotStarted Some updates remain.}
{"logTime": "0317/105615", "correlationVector":"RiS4Bek4NSCYD9I7/j59aU","action":"Normal GetUpdate request", "result":"", "context":cV=RiS4Bek4NSCYD9I7/j59aU
Nudged types: Preferences, Sessions, Device Info, History, Edge Hub App Usage
Refresh requested types: Bookmarks, Preferences, Passwords, Autofill Profiles, Autofill, Extensions, Sessions, Extension settings, History Delete Directives, Device Info, User Consents, Send Tab To Self, Web Apps, History, Collection, Edge E Drop, Edge Hub App Usage, Edge Tab Group, Edge Wallet, Encryption Keys}
{"logTime": "0317/105617", "correlationVector":"RiS4Bek4NSCYD9I7/j59aU.1","action":"SyncServerConnectionManagerRequest", "result":"SYNC_SERVER_OK", "context":{"environment":"Prod_southeastasia_prod-s01-065-apac-southeastasia", "migrationStage":"NotStarted", "server":"akswtt00500001n"}}
{"logTime": "0317/105617", "correlationVector":"RiS4Bek4NSCYD9I7/j59aU.2","action":"ProcessGetUpdates", "result":"Done", "context":{"dataType":"Autofill", "deleted":"0", "process_failed_to_decrypt":"0", "process_pending_decryption":"0", "process_success":"1", "total":"1"}}
{"logTime": "0317/105617", "correlationVector":"RiS4Bek4NSCYD9I7/j59aU.3","action":"ProcessGetUpdates", "result":"Done", "context":{"dataType":"Sessions", "deleted":"5", "process_failed_to_decrypt":"0", "process_pending_decryption":"0", "process_success":"5", "total":"5"}}
{"logTime": "0317/105617", "correlationVector":"RiS4Bek4NSCYD9I7/j59aU.4","action":"ProcessGetUpdates", "result":"Done", "context":{"dataType":"History", "deleted":"0", "process_failed_to_decrypt":"0", "process_pending_decryption":"0", "process_success":"250", "total":"250"}}
{"logTime": "0317/105617", "correlationVector":"RiS4Bek4NSCYD9I7/j59aU.5","action":"GetUpdates Response", "result":"Success", "context":Received 256 update(s). cV=RiS4Bek4NSCYD9I7/j59aU.0;server=akswtt00500001n;cloudType=Consumer;environment=Prod_southeastasia_prod-s01-065-apac-southeastasia;migrationStage=NotStarted Some updates remain.}
{"logTime": "0317/105617", "correlationVector":"8pN5MviBWa1RwgyC7lTvbM","action":"Normal GetUpdate request", "result":"", "context":cV=8pN5MviBWa1RwgyC7lTvbM
Nudged types: Preferences, Sessions, Device Info, History, Edge Hub App Usage
Refresh requested types: Bookmarks, Preferences, Passwords, Autofill Profiles, Autofill, Extensions, Sessions, Extension settings, History Delete Directives, Device Info, User Consents, Send Tab To Self, Web Apps, History, Collection, Edge E Drop, Edge Hub App Usage, Edge Tab Group, Edge Wallet, Encryption Keys}
{"logTime": "0317/105619", "correlationVector":"8pN5MviBWa1RwgyC7lTvbM.1","action":"SyncServerConnectionManagerRequest", "result":"SYNC_SERVER_OK", "context":{"environment":"Prod_southeastasia_prod-s01-065-apac-southeastasia", "migrationStage":"NotStarted", "server":"akswtt005000015"}}
{"logTime": "0317/105619", "correlationVector":"8pN5MviBWa1RwgyC7lTvbM.2","action":"ProcessGetUpdates", "result":"Done", "context":{"dataType":"Autofill", "deleted":"0", "process_failed_to_decrypt":"0", "process_pending_decryption":"0", "process_success":"1", "total":"1"}}
{"logTime": "0317/105619", "correlationVector":"8pN5MviBWa1RwgyC7lTvbM.3","action":"ProcessGetUpdates", "result":"Done", "context":{"dataType":"Extensions", "deleted":"0", "process_failed_to_decrypt":"0", "process_pending_decryption":"0", "process_success":"1", "total":"1"}}
{"logTime": "0317/105619", "correlationVector":"8pN5MviBWa1RwgyC7lTvbM.4","action":"ProcessGetUpdates", "result":"Done", "context":{"dataType":"Sessions", "deleted":"10", "process_failed_to_decrypt":"0", "process_pending_decryption":"0", "process_success":"10", "total":"10"}}
{"logTime": "0317/105619", "correlationVector":"8pN5MviBWa1RwgyC7lTvbM.5","action":"ProcessGetUpdates", "result":"Done", "context":{"dataType":"History", "deleted":"0", "process_failed_to_decrypt":"0", "process_pending_decryption":"0", "process_success":"250", "total":"250"}}
{"logTime": "0317/105619", "correlationVector":"8pN5MviBWa1RwgyC7lTvbM.6","action":"GetUpdates Response", "result":"Success", "context":Received 262 update(s). cV=8pN5MviBWa1RwgyC7lTvbM.0;server=akswtt005000015;cloudType=Consumer;environment=Prod_southeastasia_prod-s01-065-apac-southeastasia;migrationStage=NotStarted Some updates remain.}
{"logTime": "0317/105619", "correlationVector":"j4eed8noMORne70Sn+c0fW","action":"Normal GetUpdate request", "result":"", "context":cV=j4eed8noMORne70Sn+c0fW
Nudged types: Preferences, Sessions, Device Info, History, Edge Hub App Usage
Refresh requested types: Bookmarks, Preferences, Passwords, Autofill Profiles, Autofill, Extensions, Sessions, Extension settings, History Delete Directives, Device Info, User Consents, Send Tab To Self, Web Apps, History, Collection, Edge E Drop, Edge Hub App Usage, Edge Tab Group, Edge Wallet, Encryption Keys}
{"logTime": "0317/105620", "correlationVector":"j4eed8noMORne70Sn+c0fW.1","action":"SyncServerConnectionManagerRequest", "result":"SYNC_SERVER_OK", "context":{"environment":"Prod_southeastasia_prod-s01-065-apac-southeastasia", "migrationStage":"NotStarted", "server":"akswtt005000034"}}
{"logTime": "0317/105620", "correlationVector":"j4eed8noMORne70Sn+c0fW.2","action":"ProcessGetUpdates", "result":"Done", "context":{"dataType":"Bookmarks", "deleted":"1", "process_failed_to_decrypt":"0", "process_pending_decryption":"0", "process_success":"1", "total":"1"}}
{"logTime": "0317/105620", "correlationVector":"j4eed8noMORne70Sn+c0fW.3","action":"ProcessGetUpdates", "result":"Done", "context":{"dataType":"Autofill", "deleted":"0", "process_failed_to_decrypt":"0", "process_pending_decryption":"0", "process_success":"1", "total":"1"}}
{"logTime": "0317/105620", "correlationVector":"j4eed8noMORne70Sn+c0fW.4","action":"ProcessGetUpdates", "result":"Done", "context":{"dataType":"Sessions", "deleted":"25", "process_failed_to_decrypt":"0", "process_pending_decryption":"0", "process_success":"25", "total":"25"}}
{"logTime": "0317/105620", "correlationVector":"j4eed8noMORne70Sn+c0fW.5","action":"ProcessGetUpdates", "result":"Done", "context":{"dataType":"History", "deleted":"0", "process_failed_to_decrypt":"0", "process_pending_decryption":"0", "process_success":"250", "total":"250"}}
{"logTime": "0317/105620", "correlationVector":"j4eed8noMORne70Sn+c0fW.6","action":"GetUpdates Response", "result":"Success", "context":Received 277 update(s). cV=j4eed8noMORne70Sn+c0fW.0;server=akswtt005000034;cloudType=Consumer;environment=Prod_southeastasia_prod-s01-065-apac-southeastasia;migrationStage=NotStarted Some updates remain.}
{"logTime": "0317/105620", "correlationVector":"ym2VwwZHA0gN98ZdozO02i","action":"Normal GetUpdate request", "result":"", "context":cV=ym2VwwZHA0gN98ZdozO02i
Nudged types: Preferences, Sessions, Device Info, History, Edge Hub App Usage
Refresh requested types: Bookmarks, Preferences, Passwords, Autofill Profiles, Autofill, Extensions, Sessions, Extension settings, History Delete Directives, Device Info, User Consents, Send Tab To Self, Web Apps, History, Collection, Edge E Drop, Edge Hub App Usage, Edge Tab Group, Edge Wallet, Encryption Keys}
{"logTime": "0317/105622", "correlationVector":"ym2VwwZHA0gN98ZdozO02i.1","action":"SyncServerConnectionManagerRequest", "result":"SYNC_SERVER_OK", "context":{"environment":"Prod_southeastasia_prod-s01-065-apac-southeastasia", "migrationStage":"NotStarted", "server":"akswtt005000008"}}
{"logTime": "0317/105622", "correlationVector":"ym2VwwZHA0gN98ZdozO02i.2","action":"ProcessGetUpdates", "result":"Done", "context":{"dataType":"Extensions", "deleted":"0", "process_failed_to_decrypt":"0", "process_pending_decryption":"0", "process_success":"1", "total":"1"}}
{"logTime": "0317/105622", "correlationVector":"ym2VwwZHA0gN98ZdozO02i.3","action":"ProcessGetUpdates", "result":"Done", "context":{"dataType":"Sessions", "deleted":"13", "process_failed_to_decrypt":"0", "process_pending_decryption":"0", "process_success":"13", "total":"13"}}
{"logTime": "0317/105622", "correlationVector":"ym2VwwZHA0gN98ZdozO02i.4","action":"ProcessGetUpdates", "result":"Done", "context":{"dataType":"History", "deleted":"0", "process_failed_to_decrypt":"0", "process_pending_decryption":"0", "process_success":"250", "total":"250"}}
{"logTime": "0317/105623", "correlationVector":"ym2VwwZHA0gN98ZdozO02i.5","action":"GetUpdates Response", "result":"Success", "context":Received 264 update(s). cV=ym2VwwZHA0gN98ZdozO02i.0;server=akswtt005000008;cloudType=Consumer;environment=Prod_southeastasia_prod-s01-065-apac-southeastasia;migrationStage=NotStarted Some updates remain.}
{"logTime": "0317/105623", "correlationVector":"zcNORLgA0cq4r9b6EzDkQK","action":"Normal GetUpdate request", "result":"", "context":cV=zcNORLgA0cq4r9b6EzDkQK
Nudged types: Preferences, Sessions, Device Info, History, Edge Hub App Usage
Refresh requested types: Bookmarks, Preferences, Passwords, Autofill Profiles, Autofill, Extensions, Sessions, Extension settings, History Delete Directives, Device Info, User Consents, Send Tab To Self, Web Apps, History, Collection, Edge E Drop, Edge Hub App Usage, Edge Tab Group, Edge Wallet, Encryption Keys}
{"logTime": "0317/130538", "correlationVector":"QsY3bJkOJmrBAkPrSAd4rs.1","action":"SyncServerConnectionManagerRequest", "result":"SYNC_SERVER_OK", "context":{"environment":"Prod_southeastasia_prod-s01-064-apac-southeastasia", "migrationStage":"NotStarted", "server":"akswtt00500000q"}}
{"logTime": "0317/130538", "correlationVector":"QsY3bJkOJmrBAkPrSAd4rs.2","action":"ProcessGetUpdates", "result":"Done", "context":{"dataType":"Encryption Keys", "deleted":"0", "process_failed_to_decrypt":"0", "process_pending_decryption":"0", "process_success":"1", "total":"1"}}
{"logTime": "0317/130538", "correlationVector":"f0NFYGv0HUN6W88i+V4U/R","action":"SyncServerConnectionManagerRequest", "result":"SYNC_SERVER_OK", "context":{"environment":"", "migrationStage":"", "server":""}}
{"logTime": "0317/130538", "correlationVector":"f0NFYGv0HUN6W88i+V4U/R.0","action":"EncryptionKeysFetcher.DownloadKeys:", "result":"Success", "context":Key count: 3, Last key timestamp: 2024-10-20T03:29:05Z}
{"logTime": "0317/130538", "correlationVector":"f0NFYGv0HUN6W88i+V4U/R.1","action":"EncryptionKeysManager::SetEncryptionKeys:", "result":"Success", "context":Key names[3]:[WG/rzkxmYKWmPFbpoORrIOELTFZwxTUW6eHJ6g5uaFAB1CB5X/9aCRMkybAErpM5jnmQBr87HBMJMipACdorDw==][5XIp6mwKeLriGCYahuQfsF4pWIEIc4QPlw/Xmb6K2NyQk3t+3HiRMJgcw282t9P+ZxKmraYBfywc9gmTIQ9cBA==][PupMzF4LY0CLyxGbq7Wq1ABifq7Jfk/4Ca0IoCWAIDoj10NJ2W390JVFfGsx/AMkYwDQGzMrKqJMprKGJydAsg==]}
{"logTime": "0317/130538", "correlationVector":"f0NFYGv0HUN6W88i+V4U/R.2","action":"EncryptionKeysManager::SetEncryptionKeysWithTimestamps:", "result":"Success", "context":Key timestamps[3]:[2024-04-22T03:12:32Z][2024-04-22T06:54:20Z][2024-10-20T03:29:05Z]}
{"logTime": "0317/130538", "correlationVector":"QsY3bJkOJmrBAkPrSAd4rs","action":"Initial GetUpdates", "result":"", "context":Reason: NEW_CLIENT. cV=QsY3bJkOJmrBAkPrSAd4rs}
{"logTime": "0317/130538", "correlationVector":"QsY3bJkOJmrBAkPrSAd4rs.3","action":"GetUpdates Response", "result":"Success", "context":Received 1 update(s). cV=QsY3bJkOJmrBAkPrSAd4rs.0;server=akswtt00500000q;cloudType=Consumer;environment=Prod_southeastasia_prod-s01-064-apac-southeastasia;migrationStage=NotStarted}
{"logTime": "0317/130538", "correlationVector":"PudfnJmYKbFwBMzo/fQvr4","action":"Initial GetUpdates", "result":"", "context":Reason: NEWLY_SUPPORTED_DATATYPE. cV=PudfnJmYKbFwBMzo/fQvr4}
{"logTime": "0317/130539", "correlationVector":"PudfnJmYKbFwBMzo/fQvr4.1","action":"SyncServerConnectionManagerRequest", "result":"SYNC_SERVER_OK", "context":{"environment":"Prod_southeastasia_prod-s01-064-apac-southeastasia", "migrationStage":"NotStarted", "server":"akswtt00500004z"}}
{"logTime": "0317/130539", "correlationVector":"PudfnJmYKbFwBMzo/fQvr4.2","action":"ProcessGetUpdates", "result":"Done", "context":{"dataType":"Passwords", "deleted":"21", "process_failed_to_decrypt":"0", "process_pending_decryption":"0", "process_success":"62", "total":"62"}}
{"logTime": "0317/130539", "correlationVector":"PudfnJmYKbFwBMzo/fQvr4.3","action":"GetUpdates Response", "result":"Success", "context":Received 62 update(s). cV=PudfnJmYKbFwBMzo/fQvr4.0;server=akswtt00500004z;cloudType=Consumer;environment=Prod_southeastasia_prod-s01-064-apac-southeastasia;migrationStage=NotStarted}
{"logTime": "0317/130539", "correlationVector":"bXlhX66NuG65I9sSdbnpLP","action":"Normal GetUpdate request", "result":"", "context":cV=bXlhX66NuG65I9sSdbnpLP
Nudged types: Preferences, Sessions, Device Info, History, Edge Hub App Usage
Refresh requested types: Bookmarks, Preferences, Passwords, Autofill Profiles, Autofill, Extensions, Sessions, Extension settings, History Delete Directives, Device Info, User Consents, Send Tab To Self, Web Apps, History, Collection, Edge E Drop, Edge Hub App Usage, Edge Tab Group, Edge Wallet, Encryption Keys}
{"logTime": "0317/130541", "correlationVector":"bXlhX66NuG65I9sSdbnpLP.1","action":"SyncServerConnectionManagerRequest", "result":"SYNC_SERVER_OK", "context":{"environment":"Prod_southeastasia_prod-s01-064-apac-southeastasia", "migrationStage":"NotStarted", "server":"akswtt005000026"}}
{"logTime": "0317/130541", "correlationVector":"bXlhX66NuG65I9sSdbnpLP.2","action":"ProcessGetUpdates", "result":"Done", "context":{"dataType":"Bookmarks", "deleted":"0", "process_failed_to_decrypt":"0", "process_pending_decryption":"0", "process_success":"1", "total":"1"}}
{"logTime": "0317/130541", "correlationVector":"bXlhX66NuG65I9sSdbnpLP.3","action":"ProcessGetUpdates", "result":"Done", "context":{"dataType":"Autofill Profiles", "deleted":"0", "process_failed_to_decrypt":"0", "process_pending_decryption":"0", "process_success":"1", "total":"1"}}
{"logTime": "0317/130541", "correlationVector":"bXlhX66NuG65I9sSdbnpLP.4","action":"ProcessGetUpdates", "result":"Done", "context":{"dataType":"Autofill", "deleted":"0", "process_failed_to_decrypt":"0", "process_pending_decryption":"0", "process_success":"4", "total":"4"}}
{"logTime": "0317/130541", "correlationVector":"bXlhX66NuG65I9sSdbnpLP.5","action":"ProcessGetUpdates", "result":"Done", "context":{"dataType":"Extensions", "deleted":"0", "process_failed_to_decrypt":"0", "process_pending_decryption":"0", "process_success":"1", "total":"1"}}
{"logTime": "0317/130541", "correlationVector":"bXlhX66NuG65I9sSdbnpLP.6","action":"ProcessGetUpdates", "result":"Done", "context":{"dataType":"Sessions", "deleted":"218", "process_failed_to_decrypt":"0", "process_pending_decryption":"0", "process_success":"218", "total":"218"}}
{"logTime": "0317/130541", "correlationVector":"bXlhX66NuG65I9sSdbnpLP.7","action":"ProcessGetUpdates", "result":"Done", "context":{"dataType":"Edge Hub App Usage", "deleted":"4", "process_failed_to_decrypt":"0", "process_pending_decryption":"0", "process_success":"26", "total":"26"}}
{"logTime": "0317/130541", "correlationVector":"bXlhX66NuG65I9sSdbnpLP.8","action":"GetUpdates Response", "result":"Success", "context":Received 251 update(s). cV=bXlhX66NuG65I9sSdbnpLP.0;server=akswtt005000026;cloudType=Consumer;environment=Prod_southeastasia_prod-s01-064-apac-southeastasia;migrationStage=NotStarted Some updates remain.}
{"logTime": "0317/130541", "correlationVector":"1SXmAn53pnGktXw4Ozbi9A","action":"Normal GetUpdate request", "result":"", "context":cV=1SXmAn53pnGktXw4Ozbi9A
Nudged types: Preferences, Sessions, Device Info, History, Edge Hub App Usage
Refresh requested types: Bookmarks, Preferences, Passwords, Autofill Profiles, Autofill, Extensions, Sessions, Extension settings, History Delete Directives, Device Info, User Consents, Send Tab To Self, Web Apps, History, Collection, Edge E Drop, Edge Hub App Usage, Edge Tab Group, Edge Wallet, Encryption Keys}
{"logTime": "0317/130543", "correlationVector":"1SXmAn53pnGktXw4Ozbi9A.1","action":"SyncServerConnectionManagerRequest", "result":"SYNC_SERVER_OK", "context":{"environment":"Prod_southeastasia_prod-s01-064-apac-southeastasia", "migrationStage":"NotStarted", "server":"akswtt00500003n"}}
{"logTime": "0317/130543", "correlationVector":"1SXmAn53pnGktXw4Ozbi9A.2","action":"ProcessGetUpdates", "result":"Done", "context":{"dataType":"Bookmarks", "deleted":"0", "process_failed_to_decrypt":"0", "process_pending_decryption":"0", "process_success":"2", "total":"2"}}
{"logTime": "0317/130543", "correlationVector":"1SXmAn53pnGktXw4Ozbi9A.3","action":"ProcessGetUpdates", "result":"Done", "context":{"dataType":"Preferences", "deleted":"0", "process_failed_to_decrypt":"0", "process_pending_decryption":"0", "process_success":"8", "total":"8"}}
{"logTime": "0317/130543", "correlationVector":"1SXmAn53pnGktXw4Ozbi9A.4","action":"ProcessGetUpdates", "result":"Done", "context":{"dataType":"Autofill Profiles", "deleted":"0", "process_failed_to_decrypt":"0", "process_pending_decryption":"0", "process_success":"1", "total":"1"}}
{"logTime": "0317/130543", "correlationVector":"1SXmAn53pnGktXw4Ozbi9A.5","action":"ProcessGetUpdates", "result":"Done", "context":{"dataType":"Autofill", "deleted":"0", "process_failed_to_decrypt":"0", "process_pending_decryption":"0", "process_success":"15", "total":"15"}}
{"logTime": "0317/130543", "correlationVector":"1SXmAn53pnGktXw4Ozbi9A.6","action":"ProcessGetUpdates", "result":"Done", "context":{"dataType":"Sessions", "deleted":"218", "process_failed_to_decrypt":"0", "process_pending_decryption":"0", "process_success":"218", "total":"218"}}
{"logTime": "0317/130543", "correlationVector":"1SXmAn53pnGktXw4Ozbi9A.7","action":"ProcessGetUpdates", "result":"Done", "context":{"dataType":"Edge Hub App Usage", "deleted":"3", "process_failed_to_decrypt":"0", "process_pending_decryption":"0", "process_success":"6", "total":"6"}}
{"logTime": "0317/130543", "correlationVector":"1SXmAn53pnGktXw4Ozbi9A.8","action":"GetUpdates Response", "result":"Success", "context":Received 250 update(s). cV=1SXmAn53pnGktXw4Ozbi9A.0;server=akswtt00500003n;cloudType=Consumer;environment=Prod_southeastasia_prod-s01-064-apac-southeastasia;migrationStage=NotStarted Some updates remain.}
{"logTime": "0317/130543", "correlationVector":"mMghc5QwGJwFp2Fr3BQSk1","action":"Normal GetUpdate request", "result":"", "context":cV=mMghc5QwGJwFp2Fr3BQSk1
Nudged types: Preferences, Sessions, Device Info, History, Edge Hub App Usage
Refresh requested types: Bookmarks, Preferences, Passwords, Autofill Profiles, Autofill, Extensions, Sessions, Extension settings, History Delete Directives, Device Info, User Consents, Send Tab To Self, Web Apps, History, Collection, Edge E Drop, Edge Hub App Usage, Edge Tab Group, Edge Wallet, Encryption Keys}
{"logTime": "0317/130544", "correlationVector":"mMghc5QwGJwFp2Fr3BQSk1.1","action":"SyncServerConnectionManagerRequest", "result":"SYNC_SERVER_OK", "context":{"environment":"Prod_southeastasia_prod-s01-064-apac-southeastasia", "migrationStage":"NotStarted", "server":"akswtt00500004z"}}
{"logTime": "0317/130544", "correlationVector":"mMghc5QwGJwFp2Fr3BQSk1.2","action":"ProcessGetUpdates", "result":"Done", "context":{"dataType":"Preferences", "deleted":"0", "process_failed_to_decrypt":"0", "process_pending_decryption":"0", "process_success":"2", "total":"2"}}
{"logTime": "0317/130544", "correlationVector":"mMghc5QwGJwFp2Fr3BQSk1.3","action":"ProcessGetUpdates", "result":"Done", "context":{"dataType":"Autofill Profiles", "deleted":"0", "process_failed_to_decrypt":"0", "process_pending_decryption":"0", "process_success":"2", "total":"2"}}
{"logTime": "0317/130544", "correlationVector":"mMghc5QwGJwFp2Fr3BQSk1.4","action":"ProcessGetUpdates", "result":"Done", "context":{"dataType":"Autofill", "deleted":"0", "process_failed_to_decrypt":"0", "process_pending_decryption":"0", "process_success":"4", "total":"4"}}
{"logTime": "0317/130544", "correlationVector":"mMghc5QwGJwFp2Fr3BQSk1.5","action":"ProcessGetUpdates", "result":"Done", "context":{"dataType":"Extensions", "deleted":"0", "process_failed_to_decrypt":"0", "process_pending_decryption":"0", "process_success":"1", "total":"1"}}
{"logTime": "0317/130544", "correlationVector":"mMghc5QwGJwFp2Fr3BQSk1.6","action":"ProcessGetUpdates", "result":"Done", "context":{"dataType":"Sessions", "deleted":"75", "process_failed_to_decrypt":"0", "process_pending_decryption":"0", "process_success":"75", "total":"75"}}
{"logTime": "0317/130544", "correlationVector":"mMghc5QwGJwFp2Fr3BQSk1.7","action":"ProcessGetUpdates", "result":"Done", "context":{"dataType":"History", "deleted":"0", "process_failed_to_decrypt":"0", "process_pending_decryption":"0", "process_success":"250", "total":"250"}}
{"logTime": "0317/130544", "correlationVector":"mMghc5QwGJwFp2Fr3BQSk1.8","action":"GetUpdates Response", "result":"Success", "context":Received 334 update(s). cV=mMghc5QwGJwFp2Fr3BQSk1.0;server=akswtt00500004z;cloudType=Consumer;environment=Prod_southeastasia_prod-s01-064-apac-southeastasia;migrationStage=NotStarted Some updates remain.}
{"logTime": "0317/130544", "correlationVector":"o3ibjx3KB+XIqotr9QgeH+","action":"Normal GetUpdate request", "result":"", "context":cV=o3ibjx3KB+XIqotr9QgeH+
Nudged types: Preferences, Sessions, Device Info, History, Edge Hub App Usage
Refresh requested types: Bookmarks, Preferences, Passwords, Autofill Profiles, Autofill, Extensions, Sessions, Extension settings, History Delete Directives, Device Info, User Consents, Send Tab To Self, Web Apps, History, Collection, Edge E Drop, Edge Hub App Usage, Edge Tab Group, Edge Wallet, Encryption Keys}
{"logTime": "0317/130547", "correlationVector":"o3ibjx3KB+XIqotr9QgeH+.1","action":"SyncServerConnectionManagerRequest", "result":"SYNC_SERVER_OK", "context":{"environment":"Prod_southeastasia_prod-s01-064-apac-southeastasia", "migrationStage":"NotStarted", "server":"akswtt00500000f"}}
{"logTime": "0317/130547", "correlationVector":"o3ibjx3KB+XIqotr9QgeH+.2","action":"ProcessGetUpdates", "result":"Done", "context":{"dataType":"Bookmarks", "deleted":"1", "process_failed_to_decrypt":"0", "process_pending_decryption":"0", "process_success":"1", "total":"1"}}
{"logTime": "0317/130547", "correlationVector":"o3ibjx3KB+XIqotr9QgeH+.3","action":"ProcessGetUpdates", "result":"Done", "context":{"dataType":"Autofill", "deleted":"0", "process_failed_to_decrypt":"0", "process_pending_decryption":"0", "process_success":"1", "total":"1"}}
{"logTime": "0317/130547", "correlationVector":"o3ibjx3KB+XIqotr9QgeH+.4","action":"ProcessGetUpdates", "result":"Done", "context":{"dataType":"Sessions", "deleted":"25", "process_failed_to_decrypt":"0", "process_pending_decryption":"0", "process_success":"25", "total":"25"}}
{"logTime": "0317/130547", "correlationVector":"o3ibjx3KB+XIqotr9QgeH+.5","action":"ProcessGetUpdates", "result":"Done", "context":{"dataType":"History", "deleted":"0", "process_failed_to_decrypt":"0", "process_pending_decryption":"0", "process_success":"250", "total":"250"}}
{"logTime": "0317/130547", "correlationVector":"o3ibjx3KB+XIqotr9QgeH+.6","action":"GetUpdates Response", "result":"Success", "context":Received 277 update(s). cV=o3ibjx3KB+XIqotr9QgeH+.0;server=akswtt00500000f;cloudType=Consumer;environment=Prod_southeastasia_prod-s01-064-apac-southeastasia;migrationStage=NotStarted Some updates remain.}
{"logTime": "0317/130547", "correlationVector":"UVGZOMUbesVXT52uP3Qw0j","action":"Normal GetUpdate request", "result":"", "context":cV=UVGZOMUbesVXT52uP3Qw0j
Nudged types: Preferences, Sessions, Device Info, History, Edge Hub App Usage
Refresh requested types: Bookmarks, Preferences, Passwords, Autofill Profiles, Autofill, Extensions, Sessions, Extension settings, History Delete Directives, Device Info, User Consents, Send Tab To Self, Web Apps, History, Collection, Edge E Drop, Edge Hub App Usage, Edge Tab Group, Edge Wallet, Encryption Keys}
{"logTime": "0317/130548", "correlationVector":"UVGZOMUbesVXT52uP3Qw0j.1","action":"SyncServerConnectionManagerRequest", "result":"SYNC_SERVER_OK", "context":{"environment":"Prod_southeastasia_prod-s01-064-apac-southeastasia", "migrationStage":"NotStarted", "server":"akswtt00500003n"}}
{"logTime": "0317/130548", "correlationVector":"UVGZOMUbesVXT52uP3Qw0j.2","action":"ProcessGetUpdates", "result":"Done", "context":{"dataType":"Extensions", "deleted":"0", "process_failed_to_decrypt":"0", "process_pending_decryption":"0", "process_success":"1", "total":"1"}}
{"logTime": "0317/130548", "correlationVector":"UVGZOMUbesVXT52uP3Qw0j.3","action":"ProcessGetUpdates", "result":"Done", "context":{"dataType":"Sessions", "deleted":"13", "process_failed_to_decrypt":"0", "process_pending_decryption":"0", "process_success":"13", "total":"13"}}
{"logTime": "0317/130548", "correlationVector":"UVGZOMUbesVXT52uP3Qw0j.4","action":"ProcessGetUpdates", "result":"Done", "context":{"dataType":"History", "deleted":"0", "process_failed_to_decrypt":"0", "process_pending_decryption":"0", "process_success":"250", "total":"250"}}
{"logTime": "0317/130548", "correlationVector":"UVGZOMUbesVXT52uP3Qw0j.5","action":"GetUpdates Response", "result":"Success", "context":Received 264 update(s). cV=UVGZOMUbesVXT52uP3Qw0j.0;server=akswtt00500003n;cloudType=Consumer;environment=Prod_southeastasia_prod-s01-064-apac-southeastasia;migrationStage=NotStarted Some updates remain.}
{"logTime": "0317/130548", "correlationVector":"u3J3YnRgWmbYR4UYBMFelH","action":"Normal GetUpdate request", "result":"", "context":cV=u3J3YnRgWmbYR4UYBMFelH
Nudged types: Preferences, Sessions, Device Info, History, Edge Hub App Usage
Refresh requested types: Bookmarks, Preferences, Passwords, Autofill Profiles, Autofill, Extensions, Sessions, Extension settings, History Delete Directives, Device Info, User Consents, Send Tab To Self, Web Apps, History, Collection, Edge E Drop, Edge Hub App Usage, Edge Tab Group, Edge Wallet, Encryption Keys}
{"logTime": "0317/130549", "correlationVector":"u3J3YnRgWmbYR4UYBMFelH.1","action":"SyncServerConnectionManagerRequest", "result":"SYNC_SERVER_OK", "context":{"environment":"Prod_southeastasia_prod-s01-064-apac-southeastasia", "migrationStage":"NotStarted", "server":"akswtt005000041"}}
{"logTime": "0317/130549", "correlationVector":"u3J3YnRgWmbYR4UYBMFelH.2","action":"ProcessGetUpdates", "result":"Done", "context":{"dataType":"Sessions", "deleted":"1", "process_failed_to_decrypt":"0", "process_pending_decryption":"0", "process_success":"1", "total":"1"}}
{"logTime": "0317/130549", "correlationVector":"u3J3YnRgWmbYR4UYBMFelH.3","action":"ProcessGetUpdates", "result":"Done", "context":{"dataType":"History", "deleted":"0", "process_failed_to_decrypt":"0", "process_pending_decryption":"0", "process_success":"250", "total":"250"}}
{"logTime": "0317/130549", "correlationVector":"u3J3YnRgWmbYR4UYBMFelH.4","action":"GetUpdates Response", "result":"Success", "context":Received 251 update(s). cV=u3J3YnRgWmbYR4UYBMFelH.0;server=akswtt005000041;cloudType=Consumer;environment=Prod_southeastasia_prod-s01-064-apac-southeastasia;migrationStage=NotStarted Some updates remain.}
{"logTime": "0317/130549", "correlationVector":"tvmHoEGmSYGrzwuva7EwXV","action":"Normal GetUpdate request", "result":"", "context":cV=tvmHoEGmSYGrzwuva7EwXV
Nudged types: Preferences, Sessions, Device Info, History, Edge Hub App Usage
Refresh requested types: Bookmarks, Preferences, Passwords, Autofill Profiles, Autofill, Extensions, Sessions, Extension settings, History Delete Directives, Device Info, User Consents, Send Tab To Self, Web Apps, History, Collection, Edge E Drop, Edge Hub App Usage, Edge Tab Group, Edge Wallet, Encryption Keys}
{"logTime": "0317/130550", "correlationVector":"tvmHoEGmSYGrzwuva7EwXV.1","action":"SyncServerConnectionManagerRequest", "result":"SYNC_SERVER_OK", "context":{"environment":"Prod_southeastasia_prod-s01-064-apac-southeastasia", "migrationStage":"NotStarted", "server":"akswtt00500001r"}}
{"logTime": "0317/130550", "correlationVector":"tvmHoEGmSYGrzwuva7EwXV.2","action":"ProcessGetUpdates", "result":"Done", "context":{"dataType":"Sessions", "deleted":"10", "process_failed_to_decrypt":"0", "process_pending_decryption":"0", "process_success":"10", "total":"10"}}
{"logTime": "0317/130550", "correlationVector":"tvmHoEGmSYGrzwuva7EwXV.3","action":"ProcessGetUpdates", "result":"Done", "context":{"dataType":"History", "deleted":"0", "process_failed_to_decrypt":"0", "process_pending_decryption":"0", "process_success":"250", "total":"250"}}
{"logTime": "0317/130550", "correlationVector":"tvmHoEGmSYGrzwuva7EwXV.4","action":"GetUpdates Response", "result":"Success", "context":Received 260 update(s). cV=tvmHoEGmSYGrzwuva7EwXV.0;server=akswtt00500001r;cloudType=Consumer;environment=Prod_southeastasia_prod-s01-064-apac-southeastasia;migrationStage=NotStarted Some updates remain.}
{"logTime": "0317/130550", "correlationVector":"/MjfyCsz71q2DkE7RNDngx","action":"Normal GetUpdate request", "result":"", "context":cV=/MjfyCsz71q2DkE7RNDngx
Nudged types: Preferences, Sessions, Device Info, History, Edge Hub App Usage
Refresh requested types: Bookmarks, Preferences, Passwords, Autofill Profiles, Autofill, Extensions, Sessions, Extension settings, History Delete Directives, Device Info, User Consents, Send Tab To Self, Web Apps, History, Collection, Edge E Drop, Edge Hub App Usage, Edge Tab Group, Edge Wallet, Encryption Keys}
{"logTime": "0317/130551", "correlationVector":"/MjfyCsz71q2DkE7RNDngx.1","action":"SyncServerConnectionManagerRequest", "result":"SYNC_SERVER_OK", "context":{"environment":"Prod_southeastasia_prod-s01-064-apac-southeastasia", "migrationStage":"NotStarted", "server":"akswtt00500003k"}}
{"logTime": "0317/130551", "correlationVector":"/MjfyCsz71q2DkE7RNDngx.2","action":"ProcessGetUpdates", "result":"Done", "context":{"dataType":"Sessions", "deleted":"2", "process_failed_to_decrypt":"0", "process_pending_decryption":"0", "process_success":"2", "total":"2"}}
{"logTime": "0317/130551", "correlationVector":"/MjfyCsz71q2DkE7RNDngx.3","action":"ProcessGetUpdates", "result":"Done", "context":{"dataType":"History", "deleted":"0", "process_failed_to_decrypt":"0", "process_pending_decryption":"0", "process_success":"250", "total":"250"}}
{"logTime": "0317/130551", "correlationVector":"/MjfyCsz71q2DkE7RNDngx.4","action":"GetUpdates Response", "result":"Success", "context":Received 252 update(s). cV=/MjfyCsz71q2DkE7RNDngx.0;server=akswtt00500003k;cloudType=Consumer;environment=Prod_southeastasia_prod-s01-064-apac-southeastasia;migrationStage=NotStarted Some updates remain.}
{"logTime": "0317/130551", "correlationVector":"fkrqDiifj6oMibqPmHsOoL","action":"Normal GetUpdate request", "result":"", "context":cV=fkrqDiifj6oMibqPmHsOoL
Nudged types: Preferences, Sessions, Device Info, History, Edge Hub App Usage
Refresh requested types: Bookmarks, Preferences, Passwords, Autofill Profiles, Autofill, Extensions, Sessions, Extension settings, History Delete Directives, Device Info, User Consents, Send Tab To Self, Web Apps, History, Collection, Edge E Drop, Edge Hub App Usage, Edge Tab Group, Edge Wallet, Encryption Keys}
{"logTime": "0317/130553", "correlationVector":"fkrqDiifj6oMibqPmHsOoL.1","action":"SyncServerConnectionManagerRequest", "result":"SYNC_SERVER_OK", "context":{"environment":"Prod_southeastasia_prod-s01-064-apac-southeastasia", "migrationStage":"NotStarted", "server":"akswtt00500000h"}}
{"logTime": "0317/130553", "correlationVector":"fkrqDiifj6oMibqPmHsOoL.2","action":"ProcessGetUpdates", "result":"Done", "context":{"dataType":"History", "deleted":"0", "process_failed_to_decrypt":"0", "process_pending_decryption":"0", "process_success":"250", "total":"250"}}
{"logTime": "0317/130553", "correlationVector":"fkrqDiifj6oMibqPmHsOoL.3","action":"GetUpdates Response", "result":"Success", "context":Received 250 update(s). cV=fkrqDiifj6oMibqPmHsOoL.0;server=akswtt00500000h;cloudType=Consumer;environment=Prod_southeastasia_prod-s01-064-apac-southeastasia;migrationStage=NotStarted Some updates remain.}
{"logTime": "0317/130553", "correlationVector":"Zx6X02gnL/hbA+HIKau6qQ","action":"Normal GetUpdate request", "result":"", "context":cV=Zx6X02gnL/hbA+HIKau6qQ
Nudged types: Preferences, Sessions, Device Info, History, Edge Hub App Usage
Refresh requested types: Bookmarks, Preferences, Passwords, Autofill Profiles, Autofill, Extensions, Sessions, Extension settings, History Delete Directives, Device Info, User Consents, Send Tab To Self, Web Apps, History, Collection, Edge E Drop, Edge Hub App Usage, Edge Tab Group, Edge Wallet, Encryption Keys}
{"logTime": "0317/130554", "correlationVector":"Zx6X02gnL/hbA+HIKau6qQ.1","action":"SyncServerConnectionManagerRequest", "result":"SYNC_SERVER_OK", "context":{"environment":"Prod_southeastasia_prod-s01-064-apac-southeastasia", "migrationStage":"NotStarted", "server":"akswtt00500003k"}}
{"logTime": "0317/130554", "correlationVector":"Zx6X02gnL/hbA+HIKau6qQ.2","action":"ProcessGetUpdates", "result":"Done", "context":{"dataType":"Preferences", "deleted":"0", "process_failed_to_decrypt":"0", "process_pending_decryption":"0", "process_success":"1", "total":"1"}}
{"logTime": "0317/130554", "correlationVector":"Zx6X02gnL/hbA+HIKau6qQ.3","action":"ProcessGetUpdates", "result":"Done", "context":{"dataType":"Sessions", "deleted":"5", "process_failed_to_decrypt":"0", "process_pending_decryption":"0", "process_success":"5", "total":"5"}}
{"logTime": "0317/130554", "correlationVector":"Zx6X02gnL/hbA+HIKau6qQ.4","action":"ProcessGetUpdates", "result":"Done", "context":{"dataType":"History", "deleted":"0", "process_failed_to_decrypt":"0", "process_pending_decryption":"0", "process_success":"250", "total":"250"}}
{"logTime": "0317/130554", "correlationVector":"Zx6X02gnL/hbA+HIKau6qQ.5","action":"GetUpdates Response", "result":"Success", "context":Received 256 update(s). cV=Zx6X02gnL/hbA+HIKau6qQ.0;server=akswtt00500003k;cloudType=Consumer;environment=Prod_southeastasia_prod-s01-064-apac-southeastasia;migrationStage=NotStarted Some updates remain.}
{"logTime": "0317/130554", "correlationVector":"EAj4kiZDhDAvzVrsbQiOGV","action":"Normal GetUpdate request", "result":"", "context":cV=EAj4kiZDhDAvzVrsbQiOGV
Nudged types: Preferences, Sessions, Device Info, History, Edge Hub App Usage
Refresh requested types: Bookmarks, Preferences, Passwords, Autofill Profiles, Autofill, Extensions, Sessions, Extension settings, History Delete Directives, Device Info, User Consents, Send Tab To Self, Web Apps, History, Collection, Edge E Drop, Edge Hub App Usage, Edge Tab Group, Edge Wallet, Encryption Keys}
{"logTime": "0317/130555", "correlationVector":"EAj4kiZDhDAvzVrsbQiOGV.1","action":"SyncServerConnectionManagerRequest", "result":"SYNC_SERVER_OK", "context":{"environment":"Prod_southeastasia_prod-s01-064-apac-southeastasia", "migrationStage":"NotStarted", "server":"akswtt005000009"}}
{"logTime": "0317/130555", "correlationVector":"EAj4kiZDhDAvzVrsbQiOGV.2","action":"ProcessGetUpdates", "result":"Done", "context":{"dataType":"Autofill", "deleted":"0", "process_failed_to_decrypt":"0", "process_pending_decryption":"0", "process_success":"1", "total":"1"}}
{"logTime": "0317/130555", "correlationVector":"EAj4kiZDhDAvzVrsbQiOGV.3","action":"ProcessGetUpdates", "result":"Done", "context":{"dataType":"Extensions", "deleted":"1", "process_failed_to_decrypt":"0", "process_pending_decryption":"0", "process_success":"1", "total":"1"}}
{"logTime": "0317/130555", "correlationVector":"EAj4kiZDhDAvzVrsbQiOGV.4","action":"ProcessGetUpdates", "result":"Done", "context":{"dataType":"Sessions", "deleted":"7", "process_failed_to_decrypt":"0", "process_pending_decryption":"0", "process_success":"7", "total":"7"}}
{"logTime": "0317/130555", "correlationVector":"EAj4kiZDhDAvzVrsbQiOGV.5","action":"ProcessGetUpdates", "result":"Done", "context":{"dataType":"Extension settings", "deleted":"2", "process_failed_to_decrypt":"0", "process_pending_decryption":"0", "process_success":"2", "total":"2"}}
{"logTime": "0317/130555", "correlationVector":"EAj4kiZDhDAvzVrsbQiOGV.6","action":"ProcessGetUpdates", "result":"Done", "context":{"dataType":"History", "deleted":"0", "process_failed_to_decrypt":"0", "process_pending_decryption":"0", "process_success":"250", "total":"250"}}
{"logTime": "0317/130555", "correlationVector":"EAj4kiZDhDAvzVrsbQiOGV.7","action":"GetUpdates Response", "result":"Success", "context":Received 261 update(s). cV=EAj4kiZDhDAvzVrsbQiOGV.0;server=akswtt005000009;cloudType=Consumer;environment=Prod_southeastasia_prod-s01-064-apac-southeastasia;migrationStage=NotStarted Some updates remain.}
{"logTime": "0317/130555", "correlationVector":"bVeQjTxqqQFs1aKOp4Aqyo","action":"Normal GetUpdate request", "result":"", "context":cV=bVeQjTxqqQFs1aKOp4Aqyo
Nudged types: Preferences, Sessions, Device Info, History, Edge Hub App Usage
Refresh requested types: Bookmarks, Preferences, Passwords, Autofill Profiles, Autofill, Extensions, Sessions, Extension settings, History Delete Directives, Device Info, User Consents, Send Tab To Self, Web Apps, History, Collection, Edge E Drop, Edge Hub App Usage, Edge Tab Group, Edge Wallet, Encryption Keys}
{"logTime": "0317/130556", "correlationVector":"bVeQjTxqqQFs1aKOp4Aqyo.1","action":"SyncServerConnectionManagerRequest", "result":"SYNC_SERVER_OK", "context":{"environment":"Prod_southeastasia_prod-s01-064-apac-southeastasia", "migrationStage":"NotStarted", "server":"akswtt005000041"}}
{"logTime": "0317/130556", "correlationVector":"bVeQjTxqqQFs1aKOp4Aqyo.2","action":"ProcessGetUpdates", "result":"Done", "context":{"dataType":"Preferences", "deleted":"0", "process_failed_to_decrypt":"0", "process_pending_decryption":"0", "process_success":"2", "total":"2"}}
{"logTime": "0317/130556", "correlationVector":"bVeQjTxqqQFs1aKOp4Aqyo.3","action":"ProcessGetUpdates", "result":"Done", "context":{"dataType":"Autofill", "deleted":"0", "process_failed_to_decrypt":"0", "process_pending_decryption":"0", "process_success":"1", "total":"1"}}
{"logTime": "0317/130556", "correlationVector":"bVeQjTxqqQFs1aKOp4Aqyo.4","action":"ProcessGetUpdates", "result":"Done", "context":{"dataType":"Sessions", "deleted":"25", "process_failed_to_decrypt":"0", "process_pending_decryption":"0", "process_success":"25", "total":"25"}}
{"logTime": "0317/130556", "correlationVector":"bVeQjTxqqQFs1aKOp4Aqyo.5","action":"ProcessGetUpdates", "result":"Done", "context":{"dataType":"History", "deleted":"0", "process_failed_to_decrypt":"0", "process_pending_decryption":"0", "process_success":"250", "total":"250"}}
{"logTime": "0317/130556", "correlationVector":"bVeQjTxqqQFs1aKOp4Aqyo.6","action":"ProcessGetUpdates", "result":"Done", "context":{"dataType":"Edge Tab Group", "deleted":"0", "process_failed_to_decrypt":"0", "process_pending_decryption":"0", "process_success":"1", "total":"1"}}
{"logTime": "0317/130556", "correlationVector":"bVeQjTxqqQFs1aKOp4Aqyo.7","action":"GetUpdates Response", "result":"Success", "context":Received 279 update(s). cV=bVeQjTxqqQFs1aKOp4Aqyo.0;server=akswtt005000041;cloudType=Consumer;environment=Prod_southeastasia_prod-s01-064-apac-southeastasia;migrationStage=NotStarted Some updates remain.}
{"logTime": "0317/130556", "correlationVector":"YAdHnHWRuaQqnjYt9LOU6C","action":"Normal GetUpdate request", "result":"", "context":cV=YAdHnHWRuaQqnjYt9LOU6C
Nudged types: Preferences, Sessions, Device Info, History, Edge Hub App Usage
Refresh requested types: Bookmarks, Preferences, Passwords, Autofill Profiles, Autofill, Extensions, Sessions, Extension settings, History Delete Directives, Device Info, User Consents, Send Tab To Self, Web Apps, History, Collection, Edge E Drop, Edge Hub App Usage, Edge Tab Group, Edge Wallet, Encryption Keys}
{"logTime": "0317/130557", "correlationVector":"YAdHnHWRuaQqnjYt9LOU6C.1","action":"SyncServerConnectionManagerRequest", "result":"SYNC_SERVER_OK", "context":{"environment":"Prod_southeastasia_prod-s01-064-apac-southeastasia", "migrationStage":"NotStarted", "server":"akswtt00500003k"}}
{"logTime": "0317/130557", "correlationVector":"YAdHnHWRuaQqnjYt9LOU6C.2","action":"ProcessGetUpdates", "result":"Done", "context":{"dataType":"Sessions", "deleted":"1", "process_failed_to_decrypt":"0", "process_pending_decryption":"0", "process_success":"1", "total":"1"}}
{"logTime": "0317/130557", "correlationVector":"YAdHnHWRuaQqnjYt9LOU6C.3","action":"ProcessGetUpdates", "result":"Done", "context":{"dataType":"History", "deleted":"0", "process_failed_to_decrypt":"0", "process_pending_decryption":"0", "process_success":"250", "total":"250"}}
{"logTime": "0317/130557", "correlationVector":"YAdHnHWRuaQqnjYt9LOU6C.4","action":"GetUpdates Response", "result":"Success", "context":Received 251 update(s). cV=YAdHnHWRuaQqnjYt9LOU6C.0;server=akswtt00500003k;cloudType=Consumer;environment=Prod_southeastasia_prod-s01-064-apac-southeastasia;migrationStage=NotStarted Some updates remain.}
{"logTime": "0317/130557", "correlationVector":"ZZApA3KLNE9QtnLu03T8E+","action":"Normal GetUpdate request", "result":"", "context":cV=ZZApA3KLNE9QtnLu03T8E+
Nudged types: Preferences, Sessions, Device Info, History, Edge Hub App Usage
Refresh requested types: Bookmarks, Preferences, Passwords, Autofill Profiles, Autofill, Extensions, Sessions, Extension settings, History Delete Directives, Device Info, User Consents, Send Tab To Self, Web Apps, History, Collection, Edge E Drop, Edge Hub App Usage, Edge Tab Group, Edge Wallet, Encryption Keys}
{"logTime": "0317/130558", "correlationVector":"ZZApA3KLNE9QtnLu03T8E+.1","action":"SyncServerConnectionManagerRequest", "result":"SYNC_SERVER_OK", "context":{"environment":"Prod_southeastasia_prod-s01-064-apac-southeastasia", "migrationStage":"NotStarted", "server":"akswtt00500000f"}}
{"logTime": "0317/130558", "correlationVector":"ZZApA3KLNE9QtnLu03T8E+.2","action":"ProcessGetUpdates", "result":"Done", "context":{"dataType":"Sessions", "deleted":"6", "process_failed_to_decrypt":"0", "process_pending_decryption":"0", "process_success":"6", "total":"6"}}
{"logTime": "0317/130558", "correlationVector":"ZZApA3KLNE9QtnLu03T8E+.3","action":"ProcessGetUpdates", "result":"Done", "context":{"dataType":"History", "deleted":"0", "process_failed_to_decrypt":"0", "process_pending_decryption":"0", "process_success":"250", "total":"250"}}
{"logTime": "0317/130558", "correlationVector":"ZZApA3KLNE9QtnLu03T8E+.4","action":"GetUpdates Response", "result":"Success", "context":Received 256 update(s). cV=ZZApA3KLNE9QtnLu03T8E+.0;server=akswtt00500000f;cloudType=Consumer;environment=Prod_southeastasia_prod-s01-064-apac-southeastasia;migrationStage=NotStarted Some updates remain.}
{"logTime": "0317/130558", "correlationVector":"IxcwpzS///4ueXOv5E8D4w","action":"Normal GetUpdate request", "result":"", "context":cV=IxcwpzS///4ueXOv5E8D4w
Nudged types: Preferences, Sessions, Device Info, History, Edge Hub App Usage
Refresh requested types: Bookmarks, Preferences, Passwords, Autofill Profiles, Autofill, Extensions, Sessions, Extension settings, History Delete Directives, Device Info, User Consents, Send Tab To Self, Web Apps, History, Collection, Edge E Drop, Edge Hub App Usage, Edge Tab Group, Edge Wallet, Encryption Keys}
{"logTime": "0317/130559", "correlationVector":"IxcwpzS///4ueXOv5E8D4w.1","action":"SyncServerConnectionManagerRequest", "result":"SYNC_SERVER_OK", "context":{"environment":"Prod_southeastasia_prod-s01-064-apac-southeastasia", "migrationStage":"NotStarted", "server":"akswtt00500003k"}}
{"logTime": "0317/130559", "correlationVector":"IxcwpzS///4ueXOv5E8D4w.2","action":"ProcessGetUpdates", "result":"Done", "context":{"dataType":"Preferences", "deleted":"0", "process_failed_to_decrypt":"0", "process_pending_decryption":"0", "process_success":"1", "total":"1"}}
{"logTime": "0317/130559", "correlationVector":"IxcwpzS///4ueXOv5E8D4w.3","action":"ProcessGetUpdates", "result":"Done", "context":{"dataType":"Sessions", "deleted":"2", "process_failed_to_decrypt":"0", "process_pending_decryption":"0", "process_success":"2", "total":"2"}}
{"logTime": "0317/130559", "correlationVector":"IxcwpzS///4ueXOv5E8D4w.4","action":"ProcessGetUpdates", "result":"Done", "context":{"dataType":"History", "deleted":"0", "process_failed_to_decrypt":"0", "process_pending_decryption":"0", "process_success":"250", "total":"250"}}
{"logTime": "0317/130559", "correlationVector":"IxcwpzS///4ueXOv5E8D4w.5","action":"GetUpdates Response", "result":"Success", "context":Received 253 update(s). cV=IxcwpzS///4ueXOv5E8D4w.0;server=akswtt00500003k;cloudType=Consumer;environment=Prod_southeastasia_prod-s01-064-apac-southeastasia;migrationStage=NotStarted Some updates remain.}
{"logTime": "0317/130559", "correlationVector":"ERYPibyVmjthSx0OfovbF+","action":"Normal GetUpdate request", "result":"", "context":cV=ERYPibyVmjthSx0OfovbF+
Nudged types: Preferences, Sessions, Device Info, History, Edge Hub App Usage
Refresh requested types: Bookmarks, Preferences, Passwords, Autofill Profiles, Autofill, Extensions, Sessions, Extension settings, History Delete Directives, Device Info, User Consents, Send Tab To Self, Web Apps, History, Collection, Edge E Drop, Edge Hub App Usage, Edge Tab Group, Edge Wallet, Encryption Keys}
{"logTime": "0317/130601", "correlationVector":"ERYPibyVmjthSx0OfovbF+.1","action":"SyncServerConnectionManagerRequest", "result":"SYNC_SERVER_OK", "context":{"environment":"Prod_southeastasia_prod-s01-064-apac-southeastasia", "migrationStage":"NotStarted", "server":"akswtt00500003n"}}
{"logTime": "0317/130601", "correlationVector":"ERYPibyVmjthSx0OfovbF+.2","action":"ProcessGetUpdates", "result":"Done", "context":{"dataType":"Sessions", "deleted":"6", "process_failed_to_decrypt":"0", "process_pending_decryption":"0", "process_success":"6", "total":"6"}}
{"logTime": "0317/130601", "correlationVector":"ERYPibyVmjthSx0OfovbF+.3","action":"ProcessGetUpdates", "result":"Done", "context":{"dataType":"History", "deleted":"0", "process_failed_to_decrypt":"0", "process_pending_decryption":"0", "process_success":"250", "total":"250"}}
{"logTime": "0317/130601", "correlationVector":"ERYPibyVmjthSx0OfovbF+.4","action":"GetUpdates Response", "result":"Success", "context":Received 256 update(s). cV=ERYPibyVmjthSx0OfovbF+.0;server=akswtt00500003n;cloudType=Consumer;environment=Prod_southeastasia_prod-s01-064-apac-southeastasia;migrationStage=NotStarted Some updates remain.}
{"logTime": "0317/130601", "correlationVector":"a0iRdDgqK0cNVCX5DrwB0I","action":"Normal GetUpdate request", "result":"", "context":cV=a0iRdDgqK0cNVCX5DrwB0I
Nudged types: Preferences, Sessions, Device Info, History, Edge Hub App Usage
Refresh requested types: Bookmarks, Preferences, Passwords, Autofill Profiles, Autofill, Extensions, Sessions, Extension settings, History Delete Directives, Device Info, User Consents, Send Tab To Self, Web Apps, History, Collection, Edge E Drop, Edge Hub App Usage, Edge Tab Group, Edge Wallet, Encryption Keys}
{"logTime": "0317/130602", "correlationVector":"a0iRdDgqK0cNVCX5DrwB0I.1","action":"SyncServerConnectionManagerRequest", "result":"SYNC_SERVER_OK", "context":{"environment":"Prod_southeastasia_prod-s01-064-apac-southeastasia", "migrationStage":"NotStarted", "server":"akswtt00500000h"}}
{"logTime": "0317/130602", "correlationVector":"a0iRdDgqK0cNVCX5DrwB0I.2","action":"ProcessGetUpdates", "result":"Done", "context":{"dataType":"Autofill", "deleted":"0", "process_failed_to_decrypt":"0", "process_pending_decryption":"0", "process_success":"1", "total":"1"}}
{"logTime": "0317/130602", "correlationVector":"a0iRdDgqK0cNVCX5DrwB0I.3","action":"ProcessGetUpdates", "result":"Done", "context":{"dataType":"Sessions", "deleted":"13", "process_failed_to_decrypt":"0", "process_pending_decryption":"0", "process_success":"13", "total":"13"}}
{"logTime": "0317/130602", "correlationVector":"a0iRdDgqK0cNVCX5DrwB0I.4","action":"ProcessGetUpdates", "result":"Done", "context":{"dataType":"History", "deleted":"0", "process_failed_to_decrypt":"0", "process_pending_decryption":"0", "process_success":"250", "total":"250"}}
{"logTime": "0317/130602", "correlationVector":"a0iRdDgqK0cNVCX5DrwB0I.5","action":"ProcessGetUpdates", "result":"Done", "context":{"dataType":"Edge Hub App Usage", "deleted":"2", "process_failed_to_decrypt":"0", "process_pending_decryption":"0", "process_success":"2", "total":"2"}}
{"logTime": "0317/130602", "correlationVector":"a0iRdDgqK0cNVCX5DrwB0I.6","action":"GetUpdates Response", "result":"Success", "context":Received 266 update(s). cV=a0iRdDgqK0cNVCX5DrwB0I.0;server=akswtt00500000h;cloudType=Consumer;environment=Prod_southeastasia_prod-s01-064-apac-southeastasia;migrationStage=NotStarted Some updates remain.}
{"logTime": "0317/130602", "correlationVector":"5PrJpW4zGbYkGR9MfkMEBP","action":"Normal GetUpdate request", "result":"", "context":cV=5PrJpW4zGbYkGR9MfkMEBP
Nudged types: Preferences, Sessions, Device Info, History, Edge Hub App Usage
Refresh requested types: Bookmarks, Preferences, Passwords, Autofill Profiles, Autofill, Extensions, Sessions, Extension settings, History Delete Directives, Device Info, User Consents, Send Tab To Self, Web Apps, History, Collection, Edge E Drop, Edge Hub App Usage, Edge Tab Group, Edge Wallet, Encryption Keys}
{"logTime": "0317/130602", "correlationVector":"5PrJpW4zGbYkGR9MfkMEBP.1","action":"SyncServerConnectionManagerRequest", "result":"SYNC_SERVER_OK", "context":{"environment":"Prod_southeastasia_prod-s01-064-apac-southeastasia", "migrationStage":"NotStarted", "server":"akswtt00500003n"}}
{"logTime": "0317/130602", "correlationVector":"5PrJpW4zGbYkGR9MfkMEBP.2","action":"ProcessGetUpdates", "result":"Done", "context":{"dataType":"Preferences", "deleted":"2", "process_failed_to_decrypt":"0", "process_pending_decryption":"0", "process_success":"7", "total":"7"}}
{"logTime": "0317/130602", "correlationVector":"5PrJpW4zGbYkGR9MfkMEBP.3","action":"ProcessGetUpdates", "result":"Done", "context":{"dataType":"Autofill", "deleted":"0", "process_failed_to_decrypt":"0", "process_pending_decryption":"0", "process_success":"1", "total":"1"}}
{"logTime": "0317/130602", "correlationVector":"5PrJpW4zGbYkGR9MfkMEBP.4","action":"ProcessGetUpdates", "result":"Done", "context":{"dataType":"Sessions", "deleted":"14", "process_failed_to_decrypt":"0", "process_pending_decryption":"0", "process_success":"16", "total":"16"}}
{"logTime": "0317/130602", "correlationVector":"5PrJpW4zGbYkGR9MfkMEBP.5","action":"ProcessGetUpdates", "result":"Done", "context":{"dataType":"Device Info", "deleted":"0", "process_failed_to_decrypt":"0", "process_pending_decryption":"0", "process_success":"1", "total":"1"}}
{"logTime": "0317/130602", "correlationVector":"5PrJpW4zGbYkGR9MfkMEBP.6","action":"ProcessGetUpdates", "result":"Done", "context":{"dataType":"History", "deleted":"0", "process_failed_to_decrypt":"0", "process_pending_decryption":"0", "process_success":"176", "total":"176"}}
{"logTime": "0317/130602", "correlationVector":"5PrJpW4zGbYkGR9MfkMEBP.7","action":"GetUpdates Response", "result":"Success", "context":Received 201 update(s). cV=5PrJpW4zGbYkGR9MfkMEBP.0;server=akswtt00500003n;cloudType=Consumer;environment=Prod_southeastasia_prod-s01-064-apac-southeastasia;migrationStage=NotStarted}
{"logTime": "0317/130602", "correlationVector":"nLz0MrpD43d8tEFBVlKAz0","action":"Commit Request", "result":"", "context":Item count: 10
Contributing types: Sessions, Device Info, History, Edge Hub App Usage}
{"logTime": "0317/130604", "correlationVector":"nLz0MrpD43d8tEFBVlKAz0.1","action":"SyncServerConnectionManagerRequest", "result":"SYNC_SERVER_OK", "context":{"environment":"Prod_southeastasia_prod-s01-064-apac-southeastasia", "migrationStage":"NotStarted", "server":"akswtt005000026"}}
{"logTime": "0317/130604", "correlationVector":"nLz0MrpD43d8tEFBVlKAz0.2","action":"Commit Response", "result":"Success", "context":Result: Success. cV=nLz0MrpD43d8tEFBVlKAz0.0;server=akswtt005000026;cloudType=Consumer;environment=Prod_southeastasia_prod-s01-064-apac-southeastasia;migrationStage=NotStarted}
{"logTime": "0317/130604", "correlationVector":"nLz0MrpD43d8tEFBVlKAz0.3","action":"Commit.Edge Hub App Usage", "result":"Success", "context":{"id":"26b9426e-8207-48e1-8923-fc7af0fe9893", "isDeleted":"true", "size":"0", "version":"1733056164804"}}
{"logTime": "0317/130604", "correlationVector":"Wp4Esw4zIG6Lz/RI6CjCOW","action":"Poll GetUpdate request", "result":"", "context":cV=Wp4Esw4zIG6Lz/RI6CjCOW}
{"logTime": "0317/130606", "correlationVector":"Wp4Esw4zIG6Lz/RI6CjCOW.1","action":"SyncServerConnectionManagerRequest", "result":"SYNC_SERVER_OK", "context":{"environment":"Prod_southeastasia_prod-s01-064-apac-southeastasia", "migrationStage":"NotStarted", "server":"akswtt00500002i"}}
{"logTime": "0317/130606", "correlationVector":"Wp4Esw4zIG6Lz/RI6CjCOW.2","action":"ProcessGetUpdates", "result":"Done", "context":{"dataType":"Sessions", "deleted":"0", "process_failed_to_decrypt":"0", "process_pending_decryption":"0", "process_success":"2", "total":"2"}}
{"logTime": "0317/130606", "correlationVector":"Wp4Esw4zIG6Lz/RI6CjCOW.3","action":"ProcessGetUpdates", "result":"Done", "context":{"dataType":"Device Info", "deleted":"0", "process_failed_to_decrypt":"0", "process_pending_decryption":"0", "process_success":"1", "total":"1"}}
{"logTime": "0317/130606", "correlationVector":"Wp4Esw4zIG6Lz/RI6CjCOW.4","action":"ProcessGetUpdates", "result":"Done", "context":{"dataType":"History", "deleted":"0", "process_failed_to_decrypt":"0", "process_pending_decryption":"0", "process_success":"6", "total":"6"}}
{"logTime": "0317/130606", "correlationVector":"Wp4Esw4zIG6Lz/RI6CjCOW.5","action":"ProcessGetUpdates", "result":"Done", "context":{"dataType":"Edge Hub App Usage", "deleted":"1", "process_failed_to_decrypt":"0", "process_pending_decryption":"0", "process_success":"1", "total":"1"}}
{"logTime": "0317/130606", "correlationVector":"Wp4Esw4zIG6Lz/RI6CjCOW.6","action":"GetUpdates Response", "result":"Success", "context":Received 10 update(s). cV=Wp4Esw4zIG6Lz/RI6CjCOW.0;server=akswtt00500002i;cloudType=Consumer;environment=Prod_southeastasia_prod-s01-064-apac-southeastasia;migrationStage=NotStarted}
{"logTime": "0317/130606", "correlationVector":"PbefBhs7ZtwQ5qDPSkgkhl","action":"DoCompareDataConsistency requsted types: ", "result":"Bookmarks, Preferences, Passwords, Extensions, Extension settings, History Delete Directives, Send Tab To Self, Web Apps, History, Collection, Edge E Drop, Edge Tab Group, Edge Wallet, Encryption Keys"}
{"logTime": "0317/130606", "correlationVector":"PbefBhs7ZtwQ5qDPSkgkhl.0","action":"CompareDataConsistency result: ", "result":"Compare result: Encryption Keys is consistent. local entities count is: 1 local entities hash is: 2MlN1mooKVV4LAaexcDSrn4byKQ="}
{"logTime": "0317/130606", "correlationVector":"PbefBhs7ZtwQ5qDPSkgkhl.1","action":"CompareDataConsistency result: ", "result":"Compare result: Bookmarks is consistent. local entities count is: 14 local entities hash is: 2nAWhNowXWVP2vogM8gL4RbonBg="}
{"logTime": "0317/130606", "correlationVector":"PbefBhs7ZtwQ5qDPSkgkhl.2","action":"CompareDataConsistency result: ", "result":"Compare result: Preferences is consistent. local entities count is: 86 local entities hash is: pzQUtFJtEEigDhA90s78apa8f74="}
{"logTime": "0317/130606", "correlationVector":"PbefBhs7ZtwQ5qDPSkgkhl.3","action":"CompareDataConsistency result: ", "result":"Compare result: Extensions is consistent. local entities count is: 5 local entities hash is: iJF1hShId/IwdV1jDA9E+sfLSpI="}
{"logTime": "0317/130606", "correlationVector":"PbefBhs7ZtwQ5qDPSkgkhl.4","action":"CompareDataConsistency result: ", "result":"Compare result: Extension settings is consistent. local entities count is: 10 local entities hash is: IdWsSNrMD4w0ROTl5Uug5oHLpEo="}
{"logTime": "0317/130606", "correlationVector":"PbefBhs7ZtwQ5qDPSkgkhl.5","action":"CompareDataConsistency result: ", "result":"Compare result: History Delete Directives is consistent. local entities count is: 0 local entities hash is: "}
{"logTime": "0317/130606", "correlationVector":"PbefBhs7ZtwQ5qDPSkgkhl.6","action":"CompareDataConsistency result: ", "result":"Server did not send this Send Tab To Self local entities count is: 0 local entities hash is: "}
{"logTime": "0317/130606", "correlationVector":"PbefBhs7ZtwQ5qDPSkgkhl.7","action":"CompareDataConsistency result: ", "result":"Compare result: Web Apps is consistent. local entities count is: 0 local entities hash is: "}
{"logTime": "0317/130606", "correlationVector":"PbefBhs7ZtwQ5qDPSkgkhl.8","action":"CompareDataConsistency result: ", "result":"Server did not send this History local entities count is: 0 local entities hash is: "}
{"logTime": "0317/130606", "correlationVector":"PbefBhs7ZtwQ5qDPSkgkhl.9","action":"CompareDataConsistency result: ", "result":"Compare result: Collection is consistent. local entities count is: 0 local entities hash is: "}
{"logTime": "0317/130606", "correlationVector":"PbefBhs7ZtwQ5qDPSkgkhl.10","action":"CompareDataConsistency result: ", "result":"Compare result: Edge E Drop is consistent. local entities count is: 0 local entities hash is: "}
{"logTime": "0317/130606", "correlationVector":"PbefBhs7ZtwQ5qDPSkgkhl.11","action":"CompareDataConsistency result: ", "result":"Compare result: Edge Tab Group is consistent. local entities count is: 2 local entities hash is: QN3xYaQoRvK7CLStbuvpDcyt1dI="}
{"logTime": "0317/130606", "correlationVector":"PbefBhs7ZtwQ5qDPSkgkhl.12","action":"CompareDataConsistency result: ", "result":"Compare result: Edge Wallet is consistent. local entities count is: 0 local entities hash is: "}
{"logTime": "0317/130606", "correlationVector":"PbefBhs7ZtwQ5qDPSkgkhl.13","action":"CompareDataConsistency result: ", "result":"Compare result: Passwords is consistent. local entities count is: 41 local entities hash is: R99PjGNKwqd6r+Mb4Vn0s9SoXls="}
{"logTime": "0317/130606", "correlationVector":"","action":"DIAGNOSTIC_REQUEST|v1/diagnosticData/Diagnostic.SendCheckResult()|SUCCESS", "result":""}
